[0.006s] Invoking command in '/home/latte/gz_ws/build/gz-waves1': /usr/bin/cmake /home/latte/gz_ws/src/asv_wave_sim/gz-waves -DCMAKE_BUILD_TYPE=RelWithDebInfo -DBUILD_TESTING=ON -DCMAKE_CXX_STANDARD=17 -DCMAKE_INSTALL_PREFIX=/home/latte/gz_ws/install
[0.123s] -- The C compiler identification is GNU 11.4.0
[0.207s] -- The CXX compiler identification is GNU 11.4.0
[0.214s] -- Detecting C compiler ABI info
[0.269s] -- Detecting C compiler ABI info - done
[0.273s] -- Check for working C compiler: /usr/bin/cc - skipped
[0.273s] -- Detecting C compile features
[0.274s] -- Detecting C compile features - done
[0.276s] -- Detecting CXX compiler ABI info
[0.334s] -- Detecting CXX compiler ABI info - done
[0.339s] -- Check for working CXX compiler: /usr/bin/c++ - skipped
[0.339s] -- Detecting CXX compile features
[0.339s] -- Detecting CXX compile features - done
[0.347s] -- gz-waves1 version 1.0.0
[0.347s] -- Operating system is Linux
[0.351s] -- Found CPack generators: DEB
[3.062s] -- Found Boost: /usr/lib/x86_64-linux-gnu/cmake/Boost-1.74.0/BoostConfig.cmake (found version "1.74.0") found components: iostreams system filesystem 
[3.065s] -- Looking for gz-math7 -- found version 7.5.1
[3.065s] -- Searching for dependencies of gz-math7
[3.066s] -- Looking for gz-utils2 -- found version 2.2.0
[3.066s] -- Searching for dependencies of gz-utils2
[3.067s] -- Searching for <gz-math7> component [eigen3]
[3.068s] -- Looking for gz-math7-eigen3 -- found version 7.5.1
[3.068s] -- Searching for dependencies of gz-math7-eigen3
[3.072s] -- Looking for gz-math7 - found
[3.072s] 
[3.073s] -- Looking for gz-plugin2 -- found version 2.0.3
[3.073s] -- Searching for dependencies of gz-plugin2
[3.073s] -- Looking for gz-utils2 -- found version 2.2.0
[3.074s] -- Searching for dependencies of gz-utils2
[3.074s] -- Searching for <gz-utils2> component [cli]
[3.075s] -- Looking for gz-utils2-cli -- found version 2.2.0
[3.075s] -- Searching for dependencies of gz-utils2-cli
[3.076s] -- Searching for <gz-plugin2> component [loader]
[3.077s] -- Looking for gz-plugin2-loader -- found version 2.0.3
[3.077s] -- Searching for dependencies of gz-plugin2-loader
[3.077s] -- Searching for <gz-plugin2> component [register]
[3.078s] -- Looking for gz-plugin2-register -- found version 2.0.3
[3.078s] -- Searching for dependencies of gz-plugin2-register
[3.079s] -- Looking for gz-plugin2 - found
[3.079s] 
[3.080s] -- Looking for gz-common5 -- found version 5.7.0
[3.081s] -- Searching for dependencies of gz-common5
[3.081s] -- Looking for gz-utils2 -- found version 2.2.0
[3.081s] -- Looking for dlfcn.h - found
[3.085s] -- Looking for libdl - found
[3.086s] -- Found DL: TRUE  
[3.091s] -- Checking for module 'uuid'
[3.101s] --   Found uuid, version 2.37.2
[3.125s] -- Found UUID: TRUE  
[3.126s] -- Searching for <gz-common5> component [graphics]
[3.127s] -- Looking for gz-common5-graphics -- found version 5.7.0
[3.127s] -- Searching for dependencies of gz-common5-graphics
[3.128s] -- Looking for gz-math7 -- found version 7.5.1
[3.131s] -- Found GzAssimp: TRUE (found version "5.2.0") 
[3.131s] -- Searching for <gz-common5> component [events]
[3.132s] -- Looking for gz-common5-events -- found version 5.7.0
[3.132s] -- Searching for dependencies of gz-common5-events
[3.132s] -- Looking for gz-math7 -- found version 7.5.1
[3.133s] -- Looking for gz-common5 - found
[3.133s] 
[3.134s] -- Looking for gz-msgs9 -- found version 9.5.1
[3.134s] -- Searching for dependencies of gz-msgs9
[3.274s] -- Found Protobuf: /usr/lib/x86_64-linux-gnu/libprotobuf.so (found version "3.12.4") 
[3.274s] -- Looking for gz-math7 -- found version 7.5.1
[3.279s] -- Checking for module 'tinyxml2'
[3.289s] --   Found tinyxml2, version 9.0.0
[3.314s] -- Looking for gz-msgs9 - found
[3.314s] 
[3.315s] -- Looking for gz-transport12 -- found version 12.2.2
[3.315s] -- Searching for dependencies of gz-transport12
[3.333s] -- Config-file not installed for ZeroMQ -- checking for pkg-config
[3.337s] -- Checking for module 'libzmq >= 4'
[3.348s] --   Found libzmq , version 4.3.4
[3.380s] -- Found ZeroMQ: TRUE (Required is at least version "4") 
[3.386s] -- Looking for gz-utils2 -- found version 2.2.0
[3.386s] -- Looking for gz-msgs9 -- found version 9.5.1
[3.387s] -- Looking for gz-transport12 - found
[3.387s] 
[3.388s] -- Looking for gz-rendering7 -- found version 7.5.0
[3.388s] -- Searching for dependencies of gz-rendering7
[3.389s] -- Looking for gz-math7 -- found version 7.5.1
[3.390s] -- Looking for gz-common5 -- found version 5.7.0
[3.390s] -- Searching for dependencies of gz-common5
[3.390s] -- Looking for gz-utils2 -- found version 2.2.0
[3.390s] -- Looking for dlfcn.h - found
[3.390s] -- Looking for libdl - found
[3.397s] -- Searching for <gz-common5> component [graphics]
[3.397s] -- Searching for <gz-common5> component [events]
[3.397s] -- Searching for <gz-common5> component [geospatial]
[3.398s] -- Looking for gz-common5-geospatial -- found version 5.7.0
[3.398s] -- Searching for dependencies of gz-common5-geospatial
[3.399s] -- Looking for gz-math7 -- found version 7.5.1
[3.399s] -- Looking for gz-common5 -- found version 5.7.0
[3.400s] -- Looking for gz-plugin2 -- found version 2.0.3
[3.400s] -- Searching for dependencies of gz-plugin2
[3.401s] -- Looking for gz-utils2 -- found version 2.2.0
[3.401s] -- Searching for <gz-plugin2> component [all]
[3.402s] -- Looking for all libraries of gz-plugin2 -- found version 2.0.3
[3.402s] -- Looking for gz-plugin2 -- found version 2.0.3
[3.403s] -- Looking for gz-utils2 -- found version 2.2.0
[3.409s] -- Found OpenGL: /usr/lib/x86_64-linux-gnu/libGL.so  found components: OpenGL 
[3.410s] -- Looking for gz-rendering7 - found
[3.410s] 
[3.413s] -- Looking for gz-sim7 -- found version 7.9.0
[3.413s] -- Searching for dependencies of gz-sim7
[3.414s] -- Looking for sdformat13 -- found version 13.9.0
[3.414s] -- Searching for dependencies of sdformat13
[3.419s] -- Looking for gz-math7 -- found version 7.5.1
[3.420s] -- Looking for gz-utils2 -- found version 2.2.0
[3.421s] -- Looking for gz-plugin2 -- found version 2.0.3
[3.421s] -- Looking for gz-transport12 -- found version 12.2.2
[3.422s] -- Searching for dependencies of gz-transport12
[3.441s] -- Config-file not installed for ZeroMQ -- checking for pkg-config
[3.446s] -- Checking for module 'libzmq >= 4'
[3.457s] --   Found libzmq , version 4.3.4
[3.491s] -- Looking for gz-utils2 -- found version 2.2.0
[3.491s] -- Looking for gz-msgs9 -- found version 9.5.1
[3.491s] -- Searching for <gz-transport12> component [log]
[3.491s] -- Looking for gz-transport12-log -- found version 12.2.2
[3.492s] -- Searching for dependencies of gz-transport12-log
[3.492s] -- Searching for <gz-transport12> component [parameters]
[3.493s] -- Looking for gz-transport12-parameters -- found version 12.2.2
[3.493s] -- Searching for dependencies of gz-transport12-parameters
[3.494s] -- Looking for gz-msgs9 -- found version 9.5.1
[3.494s] -- Looking for gz-common5 -- found version 5.7.0
[3.494s] -- Searching for dependencies of gz-common5
[3.494s] -- Looking for gz-utils2 -- found version 2.2.0
[3.494s] -- Looking for dlfcn.h - found
[3.494s] -- Looking for libdl - found
[3.500s] -- Searching for <gz-common5> component [profiler]
[3.501s] -- Looking for gz-common5-profiler -- found version 5.7.0
[3.502s] -- Searching for dependencies of gz-common5-profiler
[3.502s] -- Searching for <gz-common5> component [events]
[3.502s] -- Searching for <gz-common5> component [av]
[3.503s] -- Looking for gz-common5-av -- found version 5.7.0
[3.503s] -- Searching for dependencies of gz-common5-av
[3.507s] -- Checking for module 'libswscale'
[3.518s] --   Found libswscale, version 5.9.100
[3.546s] -- Found SWSCALE: TRUE  
[3.550s] -- Checking for module 'libavdevice >= 56.4.100'
[3.561s] --   Found libavdevice , version 58.13.100
[3.593s] -- Found AVDEVICE: TRUE (Required is at least version "56.4.100") 
[3.597s] -- Checking for module 'libavformat'
[3.608s] --   Found libavformat, version 58.76.100
[3.635s] -- Found AVFORMAT: TRUE  
[3.639s] -- Checking for module 'libavcodec'
[3.651s] --   Found libavcodec, version 58.134.100
[3.681s] -- Found AVCODEC: TRUE  
[3.685s] -- Checking for module 'libavutil'
[3.696s] --   Found libavutil, version 56.70.100
[3.721s] -- Found AVUTIL: TRUE  
[3.722s] -- Searching for <gz-common5> component [io]
[3.723s] -- Looking for gz-common5-io -- found version 5.7.0
[3.723s] -- Searching for dependencies of gz-common5-io
[3.724s] -- Looking for gz-fuel_tools8 -- found version 8.2.0
[3.724s] -- Searching for dependencies of gz-fuel_tools8
[3.788s] -- Found CURL: /usr/lib/x86_64-linux-gnu/libcurl.so (found version "7.81.0")  
[3.794s] -- Checking for module 'jsoncpp'
[3.804s] --   Found jsoncpp, version 1.9.5
[3.831s] -- Found JSONCPP: TRUE  
[3.839s] -- Checking for module 'yaml-0.1'
[3.850s] --   Found yaml-0.1, version 0.2.2
[3.881s] -- Found YAML: TRUE  
[3.885s] -- Checking for module 'libzip'
[3.894s] --   Found libzip, version 1.7.3
[3.921s] -- Found ZIP: TRUE  
[3.922s] -- Looking for gz-utils2 -- found version 2.2.0
[3.922s] -- Looking for gz-common5 -- found version 5.7.0
[3.922s] -- Searching for dependencies of gz-common5
[3.923s] -- Looking for gz-utils2 -- found version 2.2.0
[3.923s] -- Looking for dlfcn.h - found
[3.923s] -- Looking for libdl - found
[3.928s] -- Searching for <gz-common5> component [testing]
[3.929s] -- Looking for gz-common5-testing -- found version 5.7.0
[3.929s] -- Searching for dependencies of gz-common5-testing
[3.930s] -- Looking for gz-math7 -- found version 7.5.1
[3.930s] -- Looking for gz-msgs9 -- found version 9.5.1
[3.932s] -- Looking for gz-gui7 -- found version 7.2.2
[3.932s] -- Searching for dependencies of gz-gui7
[3.948s] -- Looking for gz-utils2 -- found version 2.2.0
[3.948s] -- Looking for gz-math7 -- found version 7.5.1
[3.948s] -- Looking for gz-common5 -- found version 5.7.0
[3.949s] -- Looking for gz-plugin2 -- found version 2.0.3
[3.949s] -- Looking for gz-transport12 -- found version 12.2.2
[3.949s] -- Looking for gz-rendering7 -- found version 7.5.0
[3.950s] -- Looking for gz-msgs9 -- found version 9.5.1
[3.977s] -- Looking for gz-physics6 -- found version 6.7.0
[3.977s] -- Searching for dependencies of gz-physics6
[3.977s] -- Looking for gz-common5 -- found version 5.7.0
[3.977s] -- Looking for gz-math7 -- found version 7.5.1
[3.978s] -- Looking for gz-plugin2 -- found version 2.0.3
[3.978s] -- Looking for gz-utils2 -- found version 2.2.0
[3.979s] -- Searching for <gz-physics6> component [heightmap]
[3.980s] -- Looking for gz-physics6-heightmap -- found version 6.7.0
[3.980s] -- Searching for dependencies of gz-physics6-heightmap
[3.980s] -- Looking for gz-common5 -- found version 5.7.0
[3.981s] -- Searching for <gz-physics6> component [mesh]
[3.982s] -- Looking for gz-physics6-mesh -- found version 6.7.0
[3.982s] -- Searching for dependencies of gz-physics6-mesh
[3.982s] -- Looking for gz-common5 -- found version 5.7.0
[3.982s] -- Searching for <gz-physics6> component [sdf]
[3.983s] -- Looking for gz-physics6-sdf -- found version 6.7.0
[3.983s] -- Searching for dependencies of gz-physics6-sdf
[3.983s] -- Looking for sdformat13 -- found version 13.9.0
[3.986s] -- Looking for gz-sensors7 -- found version 7.3.1
[3.986s] -- Searching for dependencies of gz-sensors7
[3.999s] -- Looking for gz-math7 -- found version 7.5.1
[3.999s] -- Looking for gz-common5 -- found version 5.7.0
[3.999s] -- Looking for gz-transport12 -- found version 12.2.2
[4.000s] -- Looking for gz-rendering7 -- found version 7.5.0
[4.000s] -- Looking for gz-msgs9 -- found version 9.5.1
[4.001s] -- Looking for sdformat13 -- found version 13.9.0
[4.002s] -- Searching for <gz-sensors7> component [air_pressure]
[4.002s] -- Looking for gz-sensors7-air_pressure -- found version 7.3.1
[4.002s] -- Searching for dependencies of gz-sensors7-air_pressure
[4.003s] -- Searching for <gz-sensors7> component [air_speed]
[4.003s] -- Looking for gz-sensors7-air_speed -- found version 7.3.1
[4.004s] -- Searching for dependencies of gz-sensors7-air_speed
[4.004s] -- Searching for <gz-sensors7> component [altimeter]
[4.005s] -- Looking for gz-sensors7-altimeter -- found version 7.3.1
[4.005s] -- Searching for dependencies of gz-sensors7-altimeter
[4.006s] -- Searching for <gz-sensors7> component [imu]
[4.006s] -- Looking for gz-sensors7-imu -- found version 7.3.1
[4.007s] -- Searching for dependencies of gz-sensors7-imu
[4.007s] -- Searching for <gz-sensors7> component [force_torque]
[4.008s] -- Looking for gz-sensors7-force_torque -- found version 7.3.1
[4.008s] -- Searching for dependencies of gz-sensors7-force_torque
[4.008s] -- Searching for <gz-sensors7> component [logical_camera]
[4.009s] -- Looking for gz-sensors7-logical_camera -- found version 7.3.1
[4.009s] -- Searching for dependencies of gz-sensors7-logical_camera
[4.010s] -- Searching for <gz-sensors7> component [magnetometer]
[4.010s] -- Looking for gz-sensors7-magnetometer -- found version 7.3.1
[4.011s] -- Searching for dependencies of gz-sensors7-magnetometer
[4.011s] -- Searching for <gz-sensors7> component [navsat]
[4.012s] -- Looking for gz-sensors7-navsat -- found version 7.3.1
[4.012s] -- Searching for dependencies of gz-sensors7-navsat
[4.013s] -- Searching for <gz-sensors7> component [rendering]
[4.013s] -- Looking for gz-sensors7-rendering -- found version 7.3.1
[4.013s] -- Searching for dependencies of gz-sensors7-rendering
[4.014s] -- Searching for <gz-sensors7> component [lidar]
[4.015s] -- Looking for gz-sensors7-lidar -- found version 7.3.1
[4.015s] -- Searching for dependencies of gz-sensors7-lidar
[4.015s] -- Looking for gz-sensors7 -- found version 7.3.1
[4.016s] -- Searching for <gz-sensors7> component [gpu_lidar]
[4.016s] -- Looking for gz-sensors7-gpu_lidar -- found version 7.3.1
[4.016s] -- Searching for dependencies of gz-sensors7-gpu_lidar
[4.016s] -- Looking for gz-sensors7 -- found version 7.3.1
[4.017s] -- Searching for <gz-sensors7> component [camera]
[4.018s] -- Looking for gz-sensors7-camera -- found version 7.3.1
[4.018s] -- Searching for dependencies of gz-sensors7-camera
[4.018s] -- Looking for gz-sensors7 -- found version 7.3.1
[4.019s] -- Searching for <gz-sensors7> component [boundingbox_camera]
[4.019s] -- Looking for gz-sensors7-boundingbox_camera -- found version 7.3.1
[4.019s] -- Searching for dependencies of gz-sensors7-boundingbox_camera
[4.020s] -- Searching for <gz-sensors7> component [segmentation_camera]
[4.021s] -- Looking for gz-sensors7-segmentation_camera -- found version 7.3.1
[4.021s] -- Searching for dependencies of gz-sensors7-segmentation_camera
[4.021s] -- Searching for <gz-sensors7> component [depth_camera]
[4.022s] -- Looking for gz-sensors7-depth_camera -- found version 7.3.1
[4.022s] -- Searching for dependencies of gz-sensors7-depth_camera
[4.022s] -- Looking for gz-sensors7 -- found version 7.3.1
[4.023s] -- Searching for <gz-sensors7> component [rgbd_camera]
[4.023s] -- Looking for gz-sensors7-rgbd_camera -- found version 7.3.1
[4.023s] -- Searching for dependencies of gz-sensors7-rgbd_camera
[4.024s] -- Looking for gz-sensors7 -- found version 7.3.1
[4.024s] -- Searching for <gz-sensors7> component [thermal_camera]
[4.025s] -- Looking for gz-sensors7-thermal_camera -- found version 7.3.1
[4.025s] -- Searching for dependencies of gz-sensors7-thermal_camera
[4.025s] -- Looking for gz-sensors7 -- found version 7.3.1
[4.026s] -- Searching for <gz-sensors7> component [wide_angle_camera]
[4.026s] -- Looking for gz-sensors7-wide_angle_camera -- found version 7.3.1
[4.026s] -- Searching for dependencies of gz-sensors7-wide_angle_camera
[4.027s] -- Looking for gz-rendering7 -- found version 7.5.0
[4.027s] -- Looking for gz-math7 -- found version 7.5.1
[4.028s] -- Looking for gz-utils2 -- found version 2.2.0
[4.040s] -- Looking for gz-sim7 - found
[4.040s] 
[4.040s] -- Looking for sdformat13 -- found version 13.9.0
[4.040s] -- Looking for sdformat13 - found
[4.040s] 
[4.041s] -- Compiling against Gazebo Garden
[4.091s] -- Checking for module 'OGRE-RTShaderSystem >= 1.9'
[4.102s] --   Found OGRE-RTShaderSystem , version 1.9.0
[4.135s] -- Checking for module 'OGRE-Terrain >= 1.9'
[4.145s] --   Found OGRE-Terrain , version 1.9.0
[4.180s] -- Checking for module 'OGRE-Overlay >= 1.9'
[4.190s] --   Found OGRE-Overlay , version 1.9.0
[4.222s] -- Checking for module 'OGRE-Paging >= 1.9'
[4.232s] --   Found OGRE-Paging , version 1.9.0
[4.264s] -- Looking for GzOGRE - found
[4.264s] 
[4.269s] -- Looking for OGRE using the name: OGRE2
[4.316s] --   + component HlmsPbs: found
[4.317s] --   + component HlmsUnlit: found
[4.318s] --   + component Overlay: found
[4.319s] --   + component PlanarReflections: found
[4.320s] -- Looking for GzOGRE2 - found
[4.320s] 
[4.322s] [33mCMake Warning at /usr/lib/x86_64-linux-gnu/cmake/CGAL/CGALConfig.cmake:92 (message):
[4.322s]   CGAL_DATA_DIR cannot be deduced, set the variable CGAL_DATA_DIR to set the
[4.322s]   default value of CGAL::data_file_path()
[4.322s] Call Stack (most recent call first):
[4.322s]   CMakeLists.txt:240 (find_package)
[4.322s] 
[4.322s] [0m
[4.324s] -- Using header-only CGAL
[4.325s] -- Targetting Unix Makefiles
[4.325s] -- Using /usr/bin/c++ compiler.
[4.326s] -- Found GMP: /usr/lib/x86_64-linux-gnu/libgmp.so  
[4.328s] -- Found MPFR: /usr/lib/x86_64-linux-gnu/libmpfr.so  
[4.332s] -- Found Boost: /usr/lib/x86_64-linux-gnu/cmake/Boost-1.74.0/BoostConfig.cmake (found suitable version "1.74.0", minimum required is "1.48")  
[4.332s] -- Boost include dirs: /usr/include
[4.332s] -- Boost libraries:    
[4.333s] -- Using gcc version 4 or later. Adding -frounding-math
[4.333s] [0mCGAL_VERSION_MAJOR: 5[0m
[4.334s] -- Build type: RelWithDebInfo
[4.334s] -- USING CXXFLAGS = ' -O2 -g -DNDEBUG'
[4.334s] -- USING EXEFLAGS = ' '
[4.334s] -- Requested component: Core
[5.094s] -- 
[5.094s] -- Searching for host SSE information
[5.116s] -- SSE2 found
[5.116s] -- SSE3 found
[5.117s] -- SSE4.1 found
[5.117s] -- SSE4.2 found
[5.135s] -- Configuring library: gz-waves1-dynamic-geometry-system
[5.137s] -- Performing Test COMPILER_HAS_HIDDEN_VISIBILITY
[5.197s] -- Performing Test COMPILER_HAS_HIDDEN_VISIBILITY - Success
[5.198s] -- Performing Test COMPILER_HAS_HIDDEN_INLINE_VISIBILITY
[5.258s] -- Performing Test COMPILER_HAS_HIDDEN_INLINE_VISIBILITY - Success
[5.258s] -- Performing Test COMPILER_HAS_DEPRECATED_ATTR
[5.316s] -- Performing Test COMPILER_HAS_DEPRECATED_ATTR - Success
[5.319s] -- Configuring library: gz-waves1-hydrodynamics-system
[5.322s] -- Configuring library: gz-waves1-rendering
[5.324s] -- Configuring library: gz-waves1-rendering-ogre2
[5.326s] -- Configuring library: gz-waves1-waves-visual-system
[5.328s] -- Configuring library: gz-waves1-waves-model-system
[5.330s] -- Configuring library: gz-waves1
[5.332s] -- Adding 13 UNIT tests
[5.445s] -- Adding 7 PERFORMANCE tests
[5.495s] -- Found Boost: /usr/lib/x86_64-linux-gnu/cmake/Boost-1.74.0/BoostConfig.cmake (found version "1.74.0") found components: iostreams 
[5.534s] -- The program [cppcheck] was not found! Skipping codecheck setup
[5.534s] -- Build configuration successful
[5.534s] -- Build type: RelWithDebInfo
[5.534s] -- Install prefix: /home/latte/gz_ws/install
[5.534s] -- Configuring done
[5.616s] -- Generating done
[5.636s] -- Build files have been written to: /home/latte/gz_ws/build/gz-waves1
[5.653s] Invoked command in '/home/latte/gz_ws/build/gz-waves1' returned '0': /usr/bin/cmake /home/latte/gz_ws/src/asv_wave_sim/gz-waves -DCMAKE_BUILD_TYPE=RelWithDebInfo -DBUILD_TESTING=ON -DCMAKE_CXX_STANDARD=17 -DCMAKE_INSTALL_PREFIX=/home/latte/gz_ws/install
[5.654s] Invoking command in '/home/latte/gz_ws/build/gz-waves1': /usr/bin/cmake --build /home/latte/gz_ws/build/gz-waves1 -- -j16 -l16
[5.698s] [  1%] [32mBuilding CXX object src/CMakeFiles/gz-waves1.dir/Geometry.cc.o[0m
[5.699s] [  2%] [32mBuilding CXX object test/gtest_vendor/CMakeFiles/gtest.dir/src/gtest-all.cc.o[0m
[5.699s] [  4%] [32mBuilding CXX object src/CMakeFiles/gz-waves1.dir/Grid.cc.o[0m
[5.699s] [  4%] [32mBuilding CXX object src/CMakeFiles/gz-waves1.dir/Algorithm.cc.o[0m
[5.699s] [  5%] [32mBuilding CXX object src/CMakeFiles/gz-waves1.dir/Convert.cc.o[0m
[5.699s] [  6%] [32mBuilding CXX object src/CMakeFiles/gz-waves1.dir/PhysicalConstants.cc.o[0m
[5.699s] [  7%] [32mBuilding CXX object src/CMakeFiles/gz-waves1.dir/Physics.cc.o[0m
[5.699s] [  8%] [32mBuilding CXX object src/CMakeFiles/gz-waves1.dir/SubMeshWithTangents.cc.o[0m
[5.700s] [  8%] [32mBuilding CXX object src/CMakeFiles/gz-waves1.dir/MeshTools.cc.o[0m
[5.700s] [  9%] [32mBuilding CXX object src/CMakeFiles/gz-waves1.dir/OceanTile.cc.o[0m
[5.700s] [ 10%] [32mBuilding CXX object src/CMakeFiles/gz-waves1.dir/Utilities.cc.o[0m
[5.700s] [ 11%] [32mBuilding CXX object src/CMakeFiles/gz-waves1.dir/WavefieldSampler.cc.o[0m
[5.700s] [ 12%] [32mBuilding CXX object src/CMakeFiles/gz-waves1.dir/WaveSimulation.cc.o[0m
[5.700s] [ 13%] [32mBuilding CXX object src/CMakeFiles/gz-waves1.dir/TriangulatedGrid.cc.o[0m
[5.701s] [ 15%] [32mBuilding CXX object src/CMakeFiles/gz-waves1.dir/WaveParameters.cc.o[0m
[5.704s] [ 16%] [32mBuilding CXX object src/CMakeFiles/gz-waves1.dir/Wavefield.cc.o[0m
[5.739s] [ 16%] [32mBuilding CXX object src/CMakeFiles/gz-waves1.dir/LinearRandomFFTWaveSimulation.cc.o[0m
[6.021s] [ 17%] [32mBuilding CXX object src/CMakeFiles/gz-waves1.dir/LinearRandomFFTWaveSimulationRef.cc.o[0m
[7.449s] [ 18%] [32mBuilding CXX object src/CMakeFiles/gz-waves1.dir/LinearRandomWaveSimulation.cc.o[0m
[7.451s] [ 19%] [32mBuilding CXX object src/CMakeFiles/gz-waves1.dir/LinearRegularWaveSimulation.cc.o[0m
[11.028s] [ 20%] [32mBuilding CXX object src/CMakeFiles/gz-waves1.dir/TrochoidIrregularWaveSimulation.cc.o[0m
[11.308s] [ 21%] [32mBuilding CXX object src/CMakeFiles/gz-waves1.dir/WaveSpectrum.cc.o[0m
[12.407s] [ 22%] [32mBuilding CXX object src/CMakeFiles/gz-waves1.dir/WaveSpreadingFunction.cc.o[0m
[21.308s] [ 23%] [32m[1mLinking CXX static library ../../lib/libgtest.a[0m
[21.377s] [ 23%] Built target gtest
[21.395s] [ 24%] [32mBuilding CXX object test/gtest_vendor/CMakeFiles/gtest_main.dir/src/gtest_main.cc.o[0m
[21.500s] [ 25%] [32m[1mLinking CXX shared library ../lib/libgz-waves1.so[0m
[21.879s] [ 25%] Built target gz-waves1
[21.898s] [ 26%] [32mBuilding CXX object src/systems/waves/CMakeFiles/gz-waves1-waves-model-system.dir/WavesModel.cc.o[0m
[21.898s] [ 29%] [32mBuilding CXX object test/plots/CMakeFiles/PLOT_WaveSpectrum.dir/PLOT_WaveSpectrum.cc.o[0m
[21.898s] [ 29%] [32mBuilding CXX object test/plots/CMakeFiles/PLOT_LinearRandomWaves.dir/PLOT_LinearRandomWaves.cc.o[0m
[21.898s] [ 31%] [32mBuilding CXX object src/systems/waves/CMakeFiles/gz-waves1-rendering.dir/DisplacementMap.cc.o[0m
[21.898s] [ 31%] [32mBuilding CXX object src/systems/dynamic/CMakeFiles/gz-waves1-dynamic-geometry-system.dir/DynamicGeometry.cc.o[0m
[21.898s] [ 32%] [32mBuilding CXX object src/systems/waves/CMakeFiles/gz-waves1-rendering.dir/BaseRenderEngineExtension.cc.o[0m
[21.898s] [ 33%] [32mBuilding CXX object src/systems/waves/CMakeFiles/gz-waves1-rendering.dir/OceanGeometry.cc.o[0m
[21.898s] [ 33%] [32mBuilding CXX object test/plots/CMakeFiles/PLOT_GnuPlotExample.dir/PLOT_GnuPlotExample.cc.o[0m
[21.898s] [ 34%] [32mBuilding CXX object src/systems/hydrodynamics/CMakeFiles/gz-waves1-hydrodynamics-system.dir/Collision.cc.o[0m
[21.899s] [ 34%] [32mBuilding CXX object src/systems/hydrodynamics/CMakeFiles/gz-waves1-hydrodynamics-system.dir/Hydrodynamics.cc.o[0m
[21.899s] [ 36%] [32mBuilding CXX object test/plots/CMakeFiles/PLOT_LinearRandomFFTWaves.dir/PLOT_LinearRandomFFTWaves.cc.o[0m
[21.900s] [ 36%] [32mBuilding CXX object src/systems/waves/CMakeFiles/gz-waves1-rendering.dir/OceanVisual.cc.o[0m
[21.900s] [ 37%] [32mBuilding CXX object src/systems/waves/CMakeFiles/gz-waves1-rendering.dir/RenderEngineExtension.cc.o[0m
[21.905s] [ 38%] [32mBuilding CXX object src/systems/waves/CMakeFiles/gz-waves1-rendering.dir/RenderEngineExtensionManager.cc.o[0m
[21.906s] [ 39%] [32mBuilding CXX object test/plots/CMakeFiles/PLOT_LinearRegularWaves.dir/PLOT_LinearRegularWaves.cc.o[0m
[22.084s] [ 40%] [32m[1mLinking CXX static library ../../lib/libgtest_main.a[0m
[22.119s] [ 40%] Built target gtest_main
[22.127s] [ 41%] [32mBuilding CXX object src/systems/waves/CMakeFiles/gz-waves1-rendering.dir/RenderEngineExtensionPlugin.cc.o[0m
[22.305s] [ 43%] [32mBuilding CXX object src/systems/waves/CMakeFiles/gz-waves1-rendering.dir/SceneNodeFactory.cc.o[0m
[22.516s] [ 44%] [32mBuilding CXX object src/CMakeFiles/UNIT_Algorithm_TEST.dir/Algorithm_TEST.cc.o[0m
[23.460s] [ 45%] [32mBuilding CXX object src/CMakeFiles/UNIT_CGAL_TEST.dir/CGAL_TEST.cc.o[0m
[25.343s] [ 45%] [32m[1mLinking CXX executable ../bin/UNIT_Algorithm_TEST[0m
[25.555s] [ 45%] Built target UNIT_Algorithm_TEST
[25.580s] [ 46%] [32mBuilding CXX object src/CMakeFiles/UNIT_EigenFFTW_TEST.dir/EigenFFTW_TEST.cc.o[0m
[25.951s] [ 47%] [32m[1mLinking CXX executable ../../bin/PLOT_GnuPlotExample[0m
[26.133s] [ 47%] Built target PLOT_GnuPlotExample
[26.174s] [ 48%] [32mBuilding CXX object src/CMakeFiles/UNIT_Geometry_TEST.dir/Geometry_TEST.cc.o[0m
[26.544s] [ 49%] [32m[1mLinking CXX executable ../../bin/PLOT_LinearRegularWaves[0m
[26.821s] [ 49%] Built target PLOT_LinearRegularWaves
[26.849s] [ 50%] [32mBuilding CXX object src/CMakeFiles/UNIT_Grid_TEST.dir/Grid_TEST.cc.o[0m
[27.292s] [ 51%] [32m[1mLinking CXX executable ../../bin/PLOT_LinearRandomWaves[0m
[27.399s] [ 52%] [32m[1mLinking CXX executable ../../bin/PLOT_LinearRandomFFTWaves[0m
[27.707s] [ 52%] Built target PLOT_LinearRandomWaves
[27.753s] [ 52%] [32mBuilding CXX object src/CMakeFiles/UNIT_LinearRegularWaveSimulation_TEST.dir/LinearRegularWaveSimulation_TEST.cc.o[0m
[27.753s] [ 52%] Built target PLOT_LinearRandomFFTWaves
[27.774s] [ 53%] [32mBuilding CXX object src/CMakeFiles/UNIT_LinearRandomFFTWaveSimulation_TEST.dir/LinearRandomFFTWaveSimulation_TEST.cc.o[0m
[27.952s] [ 54%] [32m[1mLinking CXX executable ../../bin/PLOT_WaveSpectrum[0m
[28.224s] [ 54%] Built target PLOT_WaveSpectrum
[28.253s] [ 55%] [32mBuilding CXX object src/CMakeFiles/UNIT_MeshTools_TEST.dir/MeshTools_TEST.cc.o[0m
[28.843s] [ 56%] [32m[1mLinking CXX executable ../bin/UNIT_EigenFFTW_TEST[0m
[29.099s] [ 56%] Built target UNIT_EigenFFTW_TEST
[29.127s] [ 58%] [32mBuilding CXX object src/CMakeFiles/UNIT_Physics_TEST.dir/Physics_TEST.cc.o[0m
[31.031s] [ 59%] [32mBuilding CXX object src/CMakeFiles/UNIT_TriangulatedGrid_TEST.dir/TriangulatedGrid_TEST.cc.o[0m
[34.751s] [ 60%] [32m[1mLinking CXX executable ../bin/UNIT_LinearRandomFFTWaveSimulation_TEST[0m
[35.108s] [ 60%] Built target UNIT_LinearRandomFFTWaveSimulation_TEST
[35.133s] [ 61%] [32mBuilding CXX object src/CMakeFiles/UNIT_Wavefield_TEST.dir/Wavefield_TEST.cc.o[0m
[35.737s] [ 62%] [32mBuilding CXX object src/CMakeFiles/UNIT_WaveSpectrum_TEST.dir/WaveSpectrum_TEST.cc.o[0m
[35.780s] [ 63%] [32mBuilding CXX object src/CMakeFiles/UNIT_WaveSpreadingFunction_TEST.dir/WaveSpreadingFunction_TEST.cc.o[0m
[36.078s] [ 64%] [32mBuilding CXX object test/performance/CMakeFiles/PERFORMANCE_EigenReturnByValue.dir/EigenReturnByValue.cc.o[0m
[37.146s] [ 65%] [32mBuilding CXX object test/performance/CMakeFiles/PERFORMANCE_LinearRandomFFTWaveSimBaseAmplitudes.dir/LinearRandomFFTWaveSimBaseAmplitudes.cc.o[0m
[37.501s] [ 66%] [32m[1mLinking CXX shared library ../../../lib/libgz-waves1-waves-model-system.so[0m
[37.861s] [ 67%] [32m[1mLinking CXX executable ../../bin/PERFORMANCE_EigenReturnByValue[0m
[37.931s] [ 67%] Built target gz-waves1-waves-model-system
[37.964s] [ 68%] [32mBuilding CXX object test/performance/CMakeFiles/PERFORMANCE_LinearRandomFFTWaveSimCurrentAmplitudes.dir/LinearRandomFFTWaveSimCurrentAmplitudes.cc.o[0m
[38.077s] [ 68%] Built target PERFORMANCE_EigenReturnByValue
[38.105s] [ 69%] [32mBuilding CXX object test/performance/CMakeFiles/PERFORMANCE_LinearRandomFFTWaveSimDisplacements.dir/LinearRandomFFTWaveSimDisplacements.cc.o[0m
[39.273s] [ 70%] [32m[1mLinking CXX executable ../bin/UNIT_Grid_TEST[0m
[39.661s] [ 72%] [32m[1mLinking CXX executable ../bin/UNIT_Geometry_TEST[0m
[39.753s] [ 72%] Built target UNIT_Grid_TEST
[39.780s] [ 73%] [32mBuilding CXX object test/performance/CMakeFiles/PERFORMANCE_LinearRandomFFTWaveSimElevationAt.dir/LinearRandomFFTWaveSimElevationAt.cc.o[0m
[40.050s] [ 73%] Built target UNIT_Geometry_TEST
[40.076s] [ 74%] [32mBuilding CXX object test/performance/CMakeFiles/PERFORMANCE_LinearRegularWaveSimDisplacements.dir/LinearRegularWaveSimDisplacements.cc.o[0m
[40.270s] [ 75%] [32m[1mLinking CXX executable ../bin/UNIT_WaveSpectrum_TEST[0m
[40.504s] [ 75%] [32m[1mLinking CXX executable ../../bin/PERFORMANCE_LinearRandomFFTWaveSimBaseAmplitudes[0m
[40.606s] [ 75%] Built target UNIT_WaveSpectrum_TEST
[40.646s] [ 76%] [32mBuilding CXX object test/performance/CMakeFiles/PERFORMANCE_WaveSpectrumECKV.dir/WaveSpectrumECKV.cc.o[0m
[40.653s] [ 77%] [32m[1mLinking CXX executable ../../bin/PERFORMANCE_LinearRandomFFTWaveSimCurrentAmplitudes[0m
[40.827s] [ 77%] Built target PERFORMANCE_LinearRandomFFTWaveSimBaseAmplitudes
[40.912s] [ 78%] [32m[1mLinking CXX executable ../../bin/PERFORMANCE_LinearRandomFFTWaveSimDisplacements[0m
[40.968s] [ 78%] Built target PERFORMANCE_LinearRandomFFTWaveSimCurrentAmplitudes
[41.055s] [ 79%] [32m[1mLinking CXX shared library ../../../lib/libgz-waves1-rendering.so[0m
[41.240s] [ 79%] Built target PERFORMANCE_LinearRandomFFTWaveSimDisplacements
[41.264s] [ 79%] Built target gz-waves1-rendering
[41.289s] [ 79%] [32mBuilding CXX object src/systems/waves/CMakeFiles/gz-waves1-rendering-ogre2.dir/Ogre2DisplacementMap.cc.o[0m
[41.290s] [ 80%] [32mBuilding CXX object src/systems/waves/CMakeFiles/gz-waves1-rendering-ogre2.dir/Ogre2DynamicMesh.cc.o[0m
[41.290s] [ 81%] [32mBuilding CXX object src/systems/waves/CMakeFiles/gz-waves1-waves-visual-system.dir/WavesVisual.cc.o[0m
[41.292s] [ 82%] [32mBuilding CXX object src/systems/waves/CMakeFiles/gz-waves1-rendering-ogre2.dir/Ogre2OceanGeometry.cc.o[0m
[42.403s] [ 83%] [32m[1mLinking CXX executable ../../bin/PERFORMANCE_LinearRandomFFTWaveSimElevationAt[0m
[42.493s] [ 84%] [32m[1mLinking CXX executable ../bin/UNIT_TriangulatedGrid_TEST[0m
[42.728s] [ 84%] Built target PERFORMANCE_LinearRandomFFTWaveSimElevationAt
[42.734s] [ 86%] [32mBuilding CXX object src/systems/waves/CMakeFiles/gz-waves1-rendering-ogre2.dir/Ogre2OceanVisual.cc.o[0m
[42.808s] [ 86%] Built target UNIT_TriangulatedGrid_TEST
[42.820s] [ 87%] [32mBuilding CXX object src/systems/waves/CMakeFiles/gz-waves1-rendering-ogre2.dir/Ogre2RenderEngineExtension.cc.o[0m
[43.309s] [ 88%] [32m[1mLinking CXX executable ../../bin/PERFORMANCE_LinearRegularWaveSimDisplacements[0m
[43.561s] [ 88%] [32m[1mLinking CXX executable ../bin/UNIT_WaveSpreadingFunction_TEST[0m
[43.639s] [ 88%] Built target PERFORMANCE_LinearRegularWaveSimDisplacements
[43.646s] [ 89%] [32mBuilding CXX object src/systems/waves/CMakeFiles/gz-waves1-rendering-ogre2.dir/Ogre2SceneNodeFactory.cc.o[0m
[43.996s] [ 89%] Built target UNIT_WaveSpreadingFunction_TEST
[45.266s] [ 90%] [32m[1mLinking CXX executable ../bin/UNIT_LinearRegularWaveSimulation_TEST[0m
[45.632s] [ 91%] [32m[1mLinking CXX executable ../../bin/PERFORMANCE_WaveSpectrumECKV[0m
[45.645s] [ 91%] Built target UNIT_LinearRegularWaveSimulation_TEST
[45.881s] [ 91%] Built target PERFORMANCE_WaveSpectrumECKV
[46.218s] [ 92%] [32m[1mLinking CXX executable ../bin/UNIT_MeshTools_TEST[0m
[46.591s] [ 92%] Built target UNIT_MeshTools_TEST
[46.785s] [ 93%] [32m[1mLinking CXX executable ../bin/UNIT_Wavefield_TEST[0m
[46.984s] [ 93%] Built target UNIT_Wavefield_TEST
[48.535s] [ 94%] [32m[1mLinking CXX executable ../bin/UNIT_Physics_TEST[0m
[48.886s] [ 94%] Built target UNIT_Physics_TEST
[53.012s] [ 95%] [32m[1mLinking CXX shared library ../../../lib/libgz-waves1-dynamic-geometry-system.so[0m
[53.032s] [ 96%] [32m[1mLinking CXX shared library ../../../lib/libgz-waves1-hydrodynamics-system.so[0m
[53.590s] [ 96%] Built target gz-waves1-hydrodynamics-system
[53.593s] [ 96%] Built target gz-waves1-dynamic-geometry-system
[58.040s] [ 97%] [32m[1mLinking CXX shared library ../../../lib/libgz-waves1-waves-visual-system.so[0m
[58.259s] [ 97%] Built target gz-waves1-waves-visual-system
[60.018s] [ 98%] [32m[1mLinking CXX shared library ../../../lib/libgz-waves1-rendering-ogre2.so[0m
[60.230s] [ 98%] Built target gz-waves1-rendering-ogre2
[63.529s] [100%] [32m[1mLinking CXX executable ../bin/UNIT_CGAL_TEST[0m
[63.805s] [100%] Built target UNIT_CGAL_TEST
[63.818s] Invoked command in '/home/latte/gz_ws/build/gz-waves1' returned '0': /usr/bin/cmake --build /home/latte/gz_ws/build/gz-waves1 -- -j16 -l16
[63.825s] Invoking command in '/home/latte/gz_ws/build/gz-waves1': /usr/bin/cmake --install /home/latte/gz_ws/build/gz-waves1
[63.830s] -- Install configuration: "RelWithDebInfo"
[63.830s] -- Installing: /home/latte/gz_ws/install/lib/cmake/gz-waves1-all/gz-waves1-all-config.cmake
[63.830s] -- Installing: /home/latte/gz_ws/install/lib/cmake/gz-waves1-all/gz-waves1-all-config-version.cmake
[63.830s] -- Installing: /home/latte/gz_ws/install/lib/cmake/gz-waves1-all/gz-waves1-all-targets.cmake
[63.830s] -- Installing: /home/latte/gz_ws/install/include/gz/waves1/gz/waves/detail/Export.hh
[63.830s] -- Installing: /home/latte/gz_ws/install/include/gz/waves1/gz/waves/Export.hh
[63.830s] -- Installing: /home/latte/gz_ws/install/lib/libgz-waves1.so.1.0.0
[63.842s] -- Installing: /home/latte/gz_ws/install/lib/libgz-waves1.so.1
[63.842s] -- Installing: /home/latte/gz_ws/install/lib/libgz-waves1.so
[63.842s] -- Installing: /home/latte/gz_ws/install/lib/cmake/gz-waves1/gz-waves1-config.cmake
[63.842s] -- Installing: /home/latte/gz_ws/install/lib/cmake/gz-waves1/gz-waves1-config-version.cmake
[63.842s] -- Installing: /home/latte/gz_ws/install/lib/cmake/gz-waves1/gz-waves1-targets.cmake
[63.842s] -- Installing: /home/latte/gz_ws/install/lib/cmake/gz-waves1/gz-waves1-targets-relwithdebinfo.cmake
[63.843s] -- Installing: /home/latte/gz_ws/install/lib/pkgconfig/gz-waves1.pc
[63.843s] -- Installing: /home/latte/gz_ws/install/include/gz/waves1/gz/waves/dynamic-geometry-system/detail/Export.hh
[63.843s] -- Installing: /home/latte/gz_ws/install/include/gz/waves1/gz/waves/dynamic-geometry-system/Export.hh
[63.843s] -- Installing: /home/latte/gz_ws/install/lib/libgz-waves1-dynamic-geometry-system.so.1.0.0
[63.845s] -- Installing: /home/latte/gz_ws/install/lib/libgz-waves1-dynamic-geometry-system.so.1
[63.846s] -- Set runtime path of "/home/latte/gz_ws/install/lib/libgz-waves1-dynamic-geometry-system.so.1.0.0" to ""
[63.846s] -- Installing: /home/latte/gz_ws/install/lib/libgz-waves1-dynamic-geometry-system.so
[63.846s] -- Installing: /home/latte/gz_ws/install/lib/cmake/gz-waves1-dynamic-geometry-system/gz-waves1-dynamic-geometry-system-config.cmake
[63.846s] -- Installing: /home/latte/gz_ws/install/lib/cmake/gz-waves1-dynamic-geometry-system/gz-waves1-dynamic-geometry-system-config-version.cmake
[63.846s] -- Installing: /home/latte/gz_ws/install/lib/cmake/gz-waves1-dynamic-geometry-system/gz-waves1-dynamic-geometry-system-targets.cmake
[63.846s] -- Installing: /home/latte/gz_ws/install/lib/cmake/gz-waves1-dynamic-geometry-system/gz-waves1-dynamic-geometry-system-targets-relwithdebinfo.cmake
[63.846s] -- Installing: /home/latte/gz_ws/install/lib/pkgconfig/gz-waves1-dynamic-geometry-system.pc
[63.846s] -- Installing: /home/latte/gz_ws/install/include/gz/waves1/gz/waves/hydrodynamics-system/detail/Export.hh
[63.846s] -- Installing: /home/latte/gz_ws/install/include/gz/waves1/gz/waves/hydrodynamics-system/Export.hh
[63.846s] -- Installing: /home/latte/gz_ws/install/lib/libgz-waves1-hydrodynamics-system.so.1.0.0
[63.852s] -- Installing: /home/latte/gz_ws/install/lib/libgz-waves1-hydrodynamics-system.so.1
[63.852s] -- Set runtime path of "/home/latte/gz_ws/install/lib/libgz-waves1-hydrodynamics-system.so.1.0.0" to ""
[63.852s] -- Installing: /home/latte/gz_ws/install/lib/libgz-waves1-hydrodynamics-system.so
[63.852s] -- Installing: /home/latte/gz_ws/install/lib/cmake/gz-waves1-hydrodynamics-system/gz-waves1-hydrodynamics-system-config.cmake
[63.852s] -- Installing: /home/latte/gz_ws/install/lib/cmake/gz-waves1-hydrodynamics-system/gz-waves1-hydrodynamics-system-config-version.cmake
[63.852s] -- Installing: /home/latte/gz_ws/install/lib/cmake/gz-waves1-hydrodynamics-system/gz-waves1-hydrodynamics-system-targets.cmake
[63.852s] -- Installing: /home/latte/gz_ws/install/lib/cmake/gz-waves1-hydrodynamics-system/gz-waves1-hydrodynamics-system-targets-relwithdebinfo.cmake
[63.852s] -- Installing: /home/latte/gz_ws/install/lib/pkgconfig/gz-waves1-hydrodynamics-system.pc
[63.853s] -- Installing: /home/latte/gz_ws/install/include/gz/waves1/gz/waves/rendering/detail/Export.hh
[63.853s] -- Installing: /home/latte/gz_ws/install/include/gz/waves1/gz/waves/rendering/Export.hh
[63.853s] -- Installing: /home/latte/gz_ws/install/lib/libgz-waves1-rendering.so.1.0.0
[63.854s] -- Installing: /home/latte/gz_ws/install/lib/libgz-waves1-rendering.so.1
[63.854s] -- Set runtime path of "/home/latte/gz_ws/install/lib/libgz-waves1-rendering.so.1.0.0" to ""
[63.854s] -- Installing: /home/latte/gz_ws/install/lib/libgz-waves1-rendering.so
[63.854s] -- Installing: /home/latte/gz_ws/install/lib/cmake/gz-waves1-rendering/gz-waves1-rendering-config.cmake
[63.854s] -- Installing: /home/latte/gz_ws/install/lib/cmake/gz-waves1-rendering/gz-waves1-rendering-config-version.cmake
[63.854s] -- Installing: /home/latte/gz_ws/install/lib/cmake/gz-waves1-rendering/gz-waves1-rendering-targets.cmake
[63.854s] -- Installing: /home/latte/gz_ws/install/lib/cmake/gz-waves1-rendering/gz-waves1-rendering-targets-relwithdebinfo.cmake
[63.854s] -- Installing: /home/latte/gz_ws/install/lib/pkgconfig/gz-waves1-rendering.pc
[63.854s] -- Installing: /home/latte/gz_ws/install/include/gz/waves1/gz/waves/rendering-ogre2/detail/Export.hh
[63.855s] -- Installing: /home/latte/gz_ws/install/include/gz/waves1/gz/waves/rendering-ogre2/Export.hh
[63.855s] -- Installing: /home/latte/gz_ws/install/lib/libgz-waves1-rendering-ogre2.so.1.0.0
[63.859s] -- Installing: /home/latte/gz_ws/install/lib/libgz-waves1-rendering-ogre2.so.1
[63.859s] -- Set runtime path of "/home/latte/gz_ws/install/lib/libgz-waves1-rendering-ogre2.so.1.0.0" to ""
[63.859s] -- Installing: /home/latte/gz_ws/install/lib/libgz-waves1-rendering-ogre2.so
[63.859s] -- Installing: /home/latte/gz_ws/install/lib/cmake/gz-waves1-rendering-ogre2/gz-waves1-rendering-ogre2-config.cmake
[63.859s] -- Installing: /home/latte/gz_ws/install/lib/cmake/gz-waves1-rendering-ogre2/gz-waves1-rendering-ogre2-config-version.cmake
[63.859s] -- Installing: /home/latte/gz_ws/install/lib/cmake/gz-waves1-rendering-ogre2/gz-waves1-rendering-ogre2-targets.cmake
[63.860s] -- Installing: /home/latte/gz_ws/install/lib/cmake/gz-waves1-rendering-ogre2/gz-waves1-rendering-ogre2-targets-relwithdebinfo.cmake
[63.860s] -- Installing: /home/latte/gz_ws/install/lib/pkgconfig/gz-waves1-rendering-ogre2.pc
[63.860s] -- Installing: /home/latte/gz_ws/install/include/gz/waves1/gz/waves/waves-visual-system/detail/Export.hh
[63.860s] -- Installing: /home/latte/gz_ws/install/include/gz/waves1/gz/waves/waves-visual-system/Export.hh
[63.860s] -- Installing: /home/latte/gz_ws/install/lib/libgz-waves1-waves-visual-system.so.1.0.0
[63.864s] -- Installing: /home/latte/gz_ws/install/lib/libgz-waves1-waves-visual-system.so.1
[63.864s] -- Set runtime path of "/home/latte/gz_ws/install/lib/libgz-waves1-waves-visual-system.so.1.0.0" to ""
[63.865s] -- Installing: /home/latte/gz_ws/install/lib/libgz-waves1-waves-visual-system.so
[63.865s] -- Installing: /home/latte/gz_ws/install/lib/cmake/gz-waves1-waves-visual-system/gz-waves1-waves-visual-system-config.cmake
[63.865s] -- Installing: /home/latte/gz_ws/install/lib/cmake/gz-waves1-waves-visual-system/gz-waves1-waves-visual-system-config-version.cmake
[63.865s] -- Installing: /home/latte/gz_ws/install/lib/cmake/gz-waves1-waves-visual-system/gz-waves1-waves-visual-system-targets.cmake
[63.865s] -- Installing: /home/latte/gz_ws/install/lib/cmake/gz-waves1-waves-visual-system/gz-waves1-waves-visual-system-targets-relwithdebinfo.cmake
[63.865s] -- Installing: /home/latte/gz_ws/install/lib/pkgconfig/gz-waves1-waves-visual-system.pc
[63.865s] -- Installing: /home/latte/gz_ws/install/include/gz/waves1/gz/waves/waves-model-system/detail/Export.hh
[63.865s] -- Installing: /home/latte/gz_ws/install/include/gz/waves1/gz/waves/waves-model-system/Export.hh
[63.865s] -- Installing: /home/latte/gz_ws/install/lib/libgz-waves1-waves-model-system.so.1.0.0
[63.867s] -- Installing: /home/latte/gz_ws/install/lib/libgz-waves1-waves-model-system.so.1
[63.867s] -- Set runtime path of "/home/latte/gz_ws/install/lib/libgz-waves1-waves-model-system.so.1.0.0" to ""
[63.867s] -- Installing: /home/latte/gz_ws/install/lib/libgz-waves1-waves-model-system.so
[63.868s] -- Installing: /home/latte/gz_ws/install/lib/cmake/gz-waves1-waves-model-system/gz-waves1-waves-model-system-config.cmake
[63.868s] -- Installing: /home/latte/gz_ws/install/lib/cmake/gz-waves1-waves-model-system/gz-waves1-waves-model-system-config-version.cmake
[63.868s] -- Installing: /home/latte/gz_ws/install/lib/cmake/gz-waves1-waves-model-system/gz-waves1-waves-model-system-targets.cmake
[63.868s] -- Installing: /home/latte/gz_ws/install/lib/cmake/gz-waves1-waves-model-system/gz-waves1-waves-model-system-targets-relwithdebinfo.cmake
[63.868s] -- Installing: /home/latte/gz_ws/install/lib/pkgconfig/gz-waves1-waves-model-system.pc
[63.868s] -- Installing: /home/latte/gz_ws/install/include/gz/waves1/gz/waves/components/Wavefield.hh
[63.868s] -- Installing: /home/latte/gz_ws/install/include/gz/waves1/gz/waves/Algorithm.hh
[63.868s] -- Installing: /home/latte/gz_ws/install/include/gz/waves1/gz/waves/CGALTypes.hh
[63.868s] -- Installing: /home/latte/gz_ws/install/include/gz/waves1/gz/waves/Convert.hh
[63.869s] -- Installing: /home/latte/gz_ws/install/include/gz/waves1/gz/waves/Geometry.hh
[63.869s] -- Installing: /home/latte/gz_ws/install/include/gz/waves1/gz/waves/Grid.hh
[63.869s] -- Installing: /home/latte/gz_ws/install/include/gz/waves1/gz/waves/LinearRandomFFTWaveSimulation.hh
[63.869s] -- Installing: /home/latte/gz_ws/install/include/gz/waves1/gz/waves/LinearRandomWaveSimulation.hh
[63.869s] -- Installing: /home/latte/gz_ws/install/include/gz/waves1/gz/waves/LinearRegularWaveSimulation.hh
[63.869s] -- Installing: /home/latte/gz_ws/install/include/gz/waves1/gz/waves/MeshTools.hh
[63.869s] -- Installing: /home/latte/gz_ws/install/include/gz/waves1/gz/waves/OceanTile.hh
[63.869s] -- Installing: /home/latte/gz_ws/install/include/gz/waves1/gz/waves/PhysicalConstants.hh
[63.869s] -- Installing: /home/latte/gz_ws/install/include/gz/waves1/gz/waves/Physics.hh
[63.869s] -- Installing: /home/latte/gz_ws/install/include/gz/waves1/gz/waves/TriangulatedGrid.hh
[63.869s] -- Installing: /home/latte/gz_ws/install/include/gz/waves1/gz/waves/TrochoidIrregularWaveSimulation.hh
[63.869s] -- Installing: /home/latte/gz_ws/install/include/gz/waves1/gz/waves/Types.hh
[63.869s] -- Installing: /home/latte/gz_ws/install/include/gz/waves1/gz/waves/Utilities.hh
[63.869s] -- Installing: /home/latte/gz_ws/install/include/gz/waves1/gz/waves/WaveParameters.hh
[63.870s] -- Installing: /home/latte/gz_ws/install/include/gz/waves1/gz/waves/WaveSimulation.hh
[63.870s] -- Installing: /home/latte/gz_ws/install/include/gz/waves1/gz/waves/WaveSpectrum.hh
[63.870s] -- Installing: /home/latte/gz_ws/install/include/gz/waves1/gz/waves/WaveSpreadingFunction.hh
[63.870s] -- Installing: /home/latte/gz_ws/install/include/gz/waves1/gz/waves/Wavefield.hh
[63.870s] -- Installing: /home/latte/gz_ws/install/include/gz/waves1/gz/waves/WavefieldSampler.hh
[63.870s] -- Installing: /home/latte/gz_ws/install/include/gz/waves1/gz/waves/../waves.hh
[63.870s] -- Installing: /home/latte/gz_ws/install/include/gz/waves1/gz/waves/config.hh
[63.870s] -- Installing: /home/latte/gz_ws/install/include/gz/waves1/gz/waves/components.hh
[63.870s] -- Installing: /home/latte/gz_ws/install/bin/PLOT_GnuPlotExample
[63.870s] -- Set runtime path of "/home/latte/gz_ws/install/bin/PLOT_GnuPlotExample" to ""
[63.870s] -- Installing: /home/latte/gz_ws/install/bin/PLOT_LinearRandomFFTWaves
[63.870s] -- Set runtime path of "/home/latte/gz_ws/install/bin/PLOT_LinearRandomFFTWaves" to ""
[63.870s] -- Installing: /home/latte/gz_ws/install/bin/PLOT_LinearRandomWaves
[63.871s] -- Set runtime path of "/home/latte/gz_ws/install/bin/PLOT_LinearRandomWaves" to ""
[63.871s] -- Installing: /home/latte/gz_ws/install/bin/PLOT_LinearRegularWaves
[63.871s] -- Set runtime path of "/home/latte/gz_ws/install/bin/PLOT_LinearRegularWaves" to ""
[63.872s] -- Installing: /home/latte/gz_ws/install/bin/PLOT_WaveSpectrum
[63.872s] -- Set runtime path of "/home/latte/gz_ws/install/bin/PLOT_WaveSpectrum" to ""
[63.874s] Invoked command in '/home/latte/gz_ws/build/gz-waves1' returned '0': /usr/bin/cmake --install /home/latte/gz_ws/build/gz-waves1
