[0.057s] DEBUG:colcon:Command line arguments: ['/usr/bin/colcon', 'build', '--symlink-install', '--merge-install', '--cmake-args', '-DCMAKE_BUILD_TYPE=RelWithDebInfo', '-DBUILD_TESTING=ON', '-DCMAKE_CXX_STANDARD=17']
[0.057s] DEBUG:colcon:Parsed command line arguments: Namespace(log_base=None, log_level=None, verb_name='build', build_base='build', install_base='install', merge_install=True, symlink_install=True, test_result_base=None, continue_on_error=False, executor='parallel', parallel_workers=16, event_handlers=None, ignore_user_meta=False, metas=['./colcon.meta'], base_paths=['.'], packages_ignore=None, packages_ignore_regex=None, paths=None, packages_up_to=None, packages_up_to_regex=None, packages_above=None, packages_above_and_dependencies=None, packages_above_depth=None, packages_select_by_dep=None, packages_skip_by_dep=None, packages_skip_up_to=None, packages_select_build_failed=False, packages_skip_build_finished=False, packages_select_test_failures=False, packages_skip_test_passed=False, packages_select=None, packages_skip=None, packages_select_regex=None, packages_skip_regex=None, packages_start=None, packages_end=None, allow_overriding=[], cmake_args=['-DCMAKE_BUILD_TYPE=RelWithDebInfo', '-DBUILD_TESTING=ON', '-DCMAKE_CXX_STANDARD=17'], cmake_target=None, cmake_target_skip_unavailable=False, cmake_clean_cache=False, cmake_clean_first=False, cmake_force_configure=False, ament_cmake_args=None, catkin_cmake_args=None, catkin_skip_building_tests=False, verb_parser=<colcon_defaults.argument_parser.defaults.DefaultArgumentsDecorator object at 0x7d5c9e766170>, verb_extension=<colcon_core.verb.build.BuildVerb object at 0x7d5c9e84f580>, main=<bound method BuildVerb.main of <colcon_core.verb.build.BuildVerb object at 0x7d5c9e84f580>>)
[0.106s] Level 1:colcon.colcon_core.package_discovery:discover_packages(colcon_meta) check parameters
[0.106s] Level 1:colcon.colcon_core.package_discovery:discover_packages(recursive) check parameters
[0.106s] Level 1:colcon.colcon_core.package_discovery:discover_packages(ignore) check parameters
[0.106s] Level 1:colcon.colcon_core.package_discovery:discover_packages(path) check parameters
[0.106s] Level 1:colcon.colcon_core.package_discovery:discover_packages(colcon_meta) discover
[0.106s] Level 1:colcon.colcon_core.package_discovery:discover_packages(recursive) discover
[0.106s] INFO:colcon.colcon_core.package_discovery:Crawling recursively for packages in '/home/latte/gz_ws'
[0.106s] Level 1:colcon.colcon_core.package_identification:_identify(.) by extensions ['ignore', 'ignore_ament_install']
[0.106s] Level 1:colcon.colcon_core.package_identification:_identify(.) by extension 'ignore'
[0.106s] Level 1:colcon.colcon_core.package_identification:_identify(.) by extension 'ignore_ament_install'
[0.106s] Level 1:colcon.colcon_core.package_identification:_identify(.) by extensions ['colcon_pkg']
[0.106s] Level 1:colcon.colcon_core.package_identification:_identify(.) by extension 'colcon_pkg'
[0.106s] Level 1:colcon.colcon_core.package_identification:_identify(.) by extensions ['colcon_meta']
[0.106s] Level 1:colcon.colcon_core.package_identification:_identify(.) by extension 'colcon_meta'
[0.106s] Level 1:colcon.colcon_core.package_identification:_identify(.) by extensions ['ros']
[0.106s] Level 1:colcon.colcon_core.package_identification:_identify(.) by extension 'ros'
[0.113s] Level 1:colcon.colcon_core.package_identification:_identify(.) by extensions ['cmake', 'python']
[0.113s] Level 1:colcon.colcon_core.package_identification:_identify(.) by extension 'cmake'
[0.113s] Level 1:colcon.colcon_core.package_identification:_identify(.) by extension 'python'
[0.113s] Level 1:colcon.colcon_core.package_identification:_identify(.) by extensions ['python_setup_py']
[0.113s] Level 1:colcon.colcon_core.package_identification:_identify(.) by extension 'python_setup_py'
[0.113s] Level 1:colcon.colcon_core.package_identification:_identify(build) by extensions ['ignore', 'ignore_ament_install']
[0.113s] Level 1:colcon.colcon_core.package_identification:_identify(build) by extension 'ignore'
[0.113s] Level 1:colcon.colcon_core.package_identification:_identify(build) ignored
[0.113s] Level 1:colcon.colcon_core.package_identification:_identify(install) by extensions ['ignore', 'ignore_ament_install']
[0.113s] Level 1:colcon.colcon_core.package_identification:_identify(install) by extension 'ignore'
[0.113s] Level 1:colcon.colcon_core.package_identification:_identify(install) ignored
[0.113s] Level 1:colcon.colcon_core.package_identification:_identify(log) by extensions ['ignore', 'ignore_ament_install']
[0.113s] Level 1:colcon.colcon_core.package_identification:_identify(log) by extension 'ignore'
[0.113s] Level 1:colcon.colcon_core.package_identification:_identify(log) ignored
[0.113s] Level 1:colcon.colcon_core.package_identification:_identify(src) by extensions ['ignore', 'ignore_ament_install']
[0.113s] Level 1:colcon.colcon_core.package_identification:_identify(src) by extension 'ignore'
[0.113s] Level 1:colcon.colcon_core.package_identification:_identify(src) by extension 'ignore_ament_install'
[0.113s] Level 1:colcon.colcon_core.package_identification:_identify(src) by extensions ['colcon_pkg']
[0.113s] Level 1:colcon.colcon_core.package_identification:_identify(src) by extension 'colcon_pkg'
[0.113s] Level 1:colcon.colcon_core.package_identification:_identify(src) by extensions ['colcon_meta']
[0.113s] Level 1:colcon.colcon_core.package_identification:_identify(src) by extension 'colcon_meta'
[0.113s] Level 1:colcon.colcon_core.package_identification:_identify(src) by extensions ['ros']
[0.113s] Level 1:colcon.colcon_core.package_identification:_identify(src) by extension 'ros'
[0.113s] Level 1:colcon.colcon_core.package_identification:_identify(src) by extensions ['cmake', 'python']
[0.113s] Level 1:colcon.colcon_core.package_identification:_identify(src) by extension 'cmake'
[0.113s] Level 1:colcon.colcon_core.package_identification:_identify(src) by extension 'python'
[0.113s] Level 1:colcon.colcon_core.package_identification:_identify(src) by extensions ['python_setup_py']
[0.113s] Level 1:colcon.colcon_core.package_identification:_identify(src) by extension 'python_setup_py'
[0.114s] Level 1:colcon.colcon_core.package_identification:_identify(src/ardupilot_gazebo) by extensions ['ignore', 'ignore_ament_install']
[0.114s] Level 1:colcon.colcon_core.package_identification:_identify(src/ardupilot_gazebo) by extension 'ignore'
[0.114s] Level 1:colcon.colcon_core.package_identification:_identify(src/ardupilot_gazebo) by extension 'ignore_ament_install'
[0.114s] Level 1:colcon.colcon_core.package_identification:_identify(src/ardupilot_gazebo) by extensions ['colcon_pkg']
[0.114s] Level 1:colcon.colcon_core.package_identification:_identify(src/ardupilot_gazebo) by extension 'colcon_pkg'
[0.114s] Level 1:colcon.colcon_core.package_identification:_identify(src/ardupilot_gazebo) by extensions ['colcon_meta']
[0.114s] Level 1:colcon.colcon_core.package_identification:_identify(src/ardupilot_gazebo) by extension 'colcon_meta'
[0.114s] Level 1:colcon.colcon_core.package_identification:_identify(src/ardupilot_gazebo) by extensions ['ros']
[0.114s] Level 1:colcon.colcon_core.package_identification:_identify(src/ardupilot_gazebo) by extension 'ros'
[0.125s] DEBUG:colcon.colcon_core.package_identification:Package 'src/ardupilot_gazebo' with type 'ros.ament_cmake' and name 'ardupilot_gazebo'
[0.125s] Level 1:colcon.colcon_core.package_identification:_identify(src/asv_wave_sim) by extensions ['ignore', 'ignore_ament_install']
[0.125s] Level 1:colcon.colcon_core.package_identification:_identify(src/asv_wave_sim) by extension 'ignore'
[0.125s] Level 1:colcon.colcon_core.package_identification:_identify(src/asv_wave_sim) by extension 'ignore_ament_install'
[0.125s] Level 1:colcon.colcon_core.package_identification:_identify(src/asv_wave_sim) by extensions ['colcon_pkg']
[0.125s] Level 1:colcon.colcon_core.package_identification:_identify(src/asv_wave_sim) by extension 'colcon_pkg'
[0.125s] Level 1:colcon.colcon_core.package_identification:_identify(src/asv_wave_sim) by extensions ['colcon_meta']
[0.125s] Level 1:colcon.colcon_core.package_identification:_identify(src/asv_wave_sim) by extension 'colcon_meta'
[0.126s] Level 1:colcon.colcon_core.package_identification:_identify(src/asv_wave_sim) by extensions ['ros']
[0.126s] Level 1:colcon.colcon_core.package_identification:_identify(src/asv_wave_sim) by extension 'ros'
[0.126s] Level 1:colcon.colcon_core.package_identification:_identify(src/asv_wave_sim) by extensions ['cmake', 'python']
[0.126s] Level 1:colcon.colcon_core.package_identification:_identify(src/asv_wave_sim) by extension 'cmake'
[0.126s] Level 1:colcon.colcon_core.package_identification:_identify(src/asv_wave_sim) by extension 'python'
[0.126s] Level 1:colcon.colcon_core.package_identification:_identify(src/asv_wave_sim) by extensions ['python_setup_py']
[0.126s] Level 1:colcon.colcon_core.package_identification:_identify(src/asv_wave_sim) by extension 'python_setup_py'
[0.126s] Level 1:colcon.colcon_core.package_identification:_identify(src/asv_wave_sim/doc) by extensions ['ignore', 'ignore_ament_install']
[0.126s] Level 1:colcon.colcon_core.package_identification:_identify(src/asv_wave_sim/doc) by extension 'ignore'
[0.126s] Level 1:colcon.colcon_core.package_identification:_identify(src/asv_wave_sim/doc) by extension 'ignore_ament_install'
[0.126s] Level 1:colcon.colcon_core.package_identification:_identify(src/asv_wave_sim/doc) by extensions ['colcon_pkg']
[0.126s] Level 1:colcon.colcon_core.package_identification:_identify(src/asv_wave_sim/doc) by extension 'colcon_pkg'
[0.126s] Level 1:colcon.colcon_core.package_identification:_identify(src/asv_wave_sim/doc) by extensions ['colcon_meta']
[0.126s] Level 1:colcon.colcon_core.package_identification:_identify(src/asv_wave_sim/doc) by extension 'colcon_meta'
[0.126s] Level 1:colcon.colcon_core.package_identification:_identify(src/asv_wave_sim/doc) by extensions ['ros']
[0.126s] Level 1:colcon.colcon_core.package_identification:_identify(src/asv_wave_sim/doc) by extension 'ros'
[0.126s] Level 1:colcon.colcon_core.package_identification:_identify(src/asv_wave_sim/doc) by extensions ['cmake', 'python']
[0.126s] Level 1:colcon.colcon_core.package_identification:_identify(src/asv_wave_sim/doc) by extension 'cmake'
[0.126s] Level 1:colcon.colcon_core.package_identification:_identify(src/asv_wave_sim/doc) by extension 'python'
[0.126s] Level 1:colcon.colcon_core.package_identification:_identify(src/asv_wave_sim/doc) by extensions ['python_setup_py']
[0.126s] Level 1:colcon.colcon_core.package_identification:_identify(src/asv_wave_sim/doc) by extension 'python_setup_py'
[0.126s] Level 1:colcon.colcon_core.package_identification:_identify(src/asv_wave_sim/doc/uml) by extensions ['ignore', 'ignore_ament_install']
[0.126s] Level 1:colcon.colcon_core.package_identification:_identify(src/asv_wave_sim/doc/uml) by extension 'ignore'
[0.126s] Level 1:colcon.colcon_core.package_identification:_identify(src/asv_wave_sim/doc/uml) by extension 'ignore_ament_install'
[0.126s] Level 1:colcon.colcon_core.package_identification:_identify(src/asv_wave_sim/doc/uml) by extensions ['colcon_pkg']
[0.126s] Level 1:colcon.colcon_core.package_identification:_identify(src/asv_wave_sim/doc/uml) by extension 'colcon_pkg'
[0.126s] Level 1:colcon.colcon_core.package_identification:_identify(src/asv_wave_sim/doc/uml) by extensions ['colcon_meta']
[0.126s] Level 1:colcon.colcon_core.package_identification:_identify(src/asv_wave_sim/doc/uml) by extension 'colcon_meta'
[0.126s] Level 1:colcon.colcon_core.package_identification:_identify(src/asv_wave_sim/doc/uml) by extensions ['ros']
[0.126s] Level 1:colcon.colcon_core.package_identification:_identify(src/asv_wave_sim/doc/uml) by extension 'ros'
[0.126s] Level 1:colcon.colcon_core.package_identification:_identify(src/asv_wave_sim/doc/uml) by extensions ['cmake', 'python']
[0.126s] Level 1:colcon.colcon_core.package_identification:_identify(src/asv_wave_sim/doc/uml) by extension 'cmake'
[0.126s] Level 1:colcon.colcon_core.package_identification:_identify(src/asv_wave_sim/doc/uml) by extension 'python'
[0.126s] Level 1:colcon.colcon_core.package_identification:_identify(src/asv_wave_sim/doc/uml) by extensions ['python_setup_py']
[0.126s] Level 1:colcon.colcon_core.package_identification:_identify(src/asv_wave_sim/doc/uml) by extension 'python_setup_py'
[0.126s] Level 1:colcon.colcon_core.package_identification:_identify(src/asv_wave_sim/gz-waves) by extensions ['ignore', 'ignore_ament_install']
[0.126s] Level 1:colcon.colcon_core.package_identification:_identify(src/asv_wave_sim/gz-waves) by extension 'ignore'
[0.126s] Level 1:colcon.colcon_core.package_identification:_identify(src/asv_wave_sim/gz-waves) by extension 'ignore_ament_install'
[0.126s] Level 1:colcon.colcon_core.package_identification:_identify(src/asv_wave_sim/gz-waves) by extensions ['colcon_pkg']
[0.126s] Level 1:colcon.colcon_core.package_identification:_identify(src/asv_wave_sim/gz-waves) by extension 'colcon_pkg'
[0.126s] Level 1:colcon.colcon_core.package_identification:_identify(src/asv_wave_sim/gz-waves) by extensions ['colcon_meta']
[0.126s] Level 1:colcon.colcon_core.package_identification:_identify(src/asv_wave_sim/gz-waves) by extension 'colcon_meta'
[0.126s] Level 1:colcon.colcon_core.package_identification:_identify(src/asv_wave_sim/gz-waves) by extensions ['ros']
[0.126s] Level 1:colcon.colcon_core.package_identification:_identify(src/asv_wave_sim/gz-waves) by extension 'ros'
[0.126s] Level 1:colcon.colcon_core.package_identification:_identify(src/asv_wave_sim/gz-waves) by extensions ['cmake', 'python']
[0.126s] Level 1:colcon.colcon_core.package_identification:_identify(src/asv_wave_sim/gz-waves) by extension 'cmake'
[0.130s] Level 1:colcon.colcon_core.package_identification:_identify(src/asv_wave_sim/gz-waves) by extension 'python'
[0.130s] DEBUG:colcon.colcon_core.package_identification:Package 'src/asv_wave_sim/gz-waves' with type 'cmake' and name 'gz-waves1'
[0.131s] Level 1:colcon.colcon_core.package_identification:_identify(src/asv_wave_sim/gz-waves-models) by extensions ['ignore', 'ignore_ament_install']
[0.131s] Level 1:colcon.colcon_core.package_identification:_identify(src/asv_wave_sim/gz-waves-models) by extension 'ignore'
[0.131s] Level 1:colcon.colcon_core.package_identification:_identify(src/asv_wave_sim/gz-waves-models) ignored
[0.131s] Level 1:colcon.colcon_core.package_discovery:discover_packages(recursive) using defaults
[0.131s] Level 1:colcon.colcon_core.package_discovery:discover_packages(ignore) discover
[0.131s] Level 1:colcon.colcon_core.package_discovery:discover_packages(ignore) using defaults
[0.131s] Level 1:colcon.colcon_core.package_discovery:discover_packages(path) discover
[0.131s] Level 1:colcon.colcon_core.package_discovery:discover_packages(path) using defaults
[0.142s] Level 1:colcon.colcon_core.package_discovery:discover_packages(prefix_path) check parameters
[0.142s] Level 1:colcon.colcon_core.package_discovery:discover_packages(prefix_path) discover
[0.143s] DEBUG:colcon.colcon_installed_package_information.package_discovery:Found 1 installed packages in /home/latte/gz_ws/install
[0.143s] Level 1:colcon.colcon_core.package_discovery:discover_packages(prefix_path) using defaults
[0.143s] Level 5:colcon.colcon_core.verb:set package 'ardupilot_gazebo' build argument 'cmake_args' from command line to '['-DCMAKE_BUILD_TYPE=RelWithDebInfo', '-DBUILD_TESTING=ON', '-DCMAKE_CXX_STANDARD=17']'
[0.143s] Level 5:colcon.colcon_core.verb:set package 'ardupilot_gazebo' build argument 'cmake_target' from command line to 'None'
[0.143s] Level 5:colcon.colcon_core.verb:set package 'ardupilot_gazebo' build argument 'cmake_target_skip_unavailable' from command line to 'False'
[0.143s] Level 5:colcon.colcon_core.verb:set package 'ardupilot_gazebo' build argument 'cmake_clean_cache' from command line to 'False'
[0.143s] Level 5:colcon.colcon_core.verb:set package 'ardupilot_gazebo' build argument 'cmake_clean_first' from command line to 'False'
[0.143s] Level 5:colcon.colcon_core.verb:set package 'ardupilot_gazebo' build argument 'cmake_force_configure' from command line to 'False'
[0.143s] Level 5:colcon.colcon_core.verb:set package 'ardupilot_gazebo' build argument 'ament_cmake_args' from command line to 'None'
[0.143s] Level 5:colcon.colcon_core.verb:set package 'ardupilot_gazebo' build argument 'catkin_cmake_args' from command line to 'None'
[0.143s] Level 5:colcon.colcon_core.verb:set package 'ardupilot_gazebo' build argument 'catkin_skip_building_tests' from command line to 'False'
[0.143s] DEBUG:colcon.colcon_core.verb:Building package 'ardupilot_gazebo' with the following arguments: {'ament_cmake_args': None, 'build_base': '/home/latte/gz_ws/build/ardupilot_gazebo', 'catkin_cmake_args': None, 'catkin_skip_building_tests': False, 'cmake_args': ['-DCMAKE_BUILD_TYPE=RelWithDebInfo', '-DBUILD_TESTING=ON', '-DCMAKE_CXX_STANDARD=17'], 'cmake_clean_cache': False, 'cmake_clean_first': False, 'cmake_force_configure': False, 'cmake_target': None, 'cmake_target_skip_unavailable': False, 'install_base': '/home/latte/gz_ws/install', 'merge_install': True, 'path': '/home/latte/gz_ws/src/ardupilot_gazebo', 'symlink_install': True, 'test_result_base': None}
[0.144s] Level 5:colcon.colcon_core.verb:set package 'gz-waves1' build argument 'cmake_args' from command line to '['-DCMAKE_BUILD_TYPE=RelWithDebInfo', '-DBUILD_TESTING=ON', '-DCMAKE_CXX_STANDARD=17']'
[0.144s] Level 5:colcon.colcon_core.verb:set package 'gz-waves1' build argument 'cmake_target' from command line to 'None'
[0.144s] Level 5:colcon.colcon_core.verb:set package 'gz-waves1' build argument 'cmake_target_skip_unavailable' from command line to 'False'
[0.144s] Level 5:colcon.colcon_core.verb:set package 'gz-waves1' build argument 'cmake_clean_cache' from command line to 'False'
[0.144s] Level 5:colcon.colcon_core.verb:set package 'gz-waves1' build argument 'cmake_clean_first' from command line to 'False'
[0.144s] Level 5:colcon.colcon_core.verb:set package 'gz-waves1' build argument 'cmake_force_configure' from command line to 'False'
[0.144s] Level 5:colcon.colcon_core.verb:set package 'gz-waves1' build argument 'ament_cmake_args' from command line to 'None'
[0.144s] Level 5:colcon.colcon_core.verb:set package 'gz-waves1' build argument 'catkin_cmake_args' from command line to 'None'
[0.144s] Level 5:colcon.colcon_core.verb:set package 'gz-waves1' build argument 'catkin_skip_building_tests' from command line to 'False'
[0.144s] DEBUG:colcon.colcon_core.verb:Building package 'gz-waves1' with the following arguments: {'ament_cmake_args': None, 'build_base': '/home/latte/gz_ws/build/gz-waves1', 'catkin_cmake_args': None, 'catkin_skip_building_tests': False, 'cmake_args': ['-DCMAKE_BUILD_TYPE=RelWithDebInfo', '-DBUILD_TESTING=ON', '-DCMAKE_CXX_STANDARD=17'], 'cmake_clean_cache': False, 'cmake_clean_first': False, 'cmake_force_configure': False, 'cmake_target': None, 'cmake_target_skip_unavailable': False, 'install_base': '/home/latte/gz_ws/install', 'merge_install': True, 'path': '/home/latte/gz_ws/src/asv_wave_sim/gz-waves', 'symlink_install': True, 'test_result_base': None}
[0.144s] INFO:colcon.colcon_core.executor:Executing jobs using 'parallel' executor
[0.145s] DEBUG:colcon.colcon_parallel_executor.executor.parallel:run_until_complete
[0.145s] INFO:colcon.colcon_ros.task.ament_cmake.build:Building ROS package in '/home/latte/gz_ws/src/ardupilot_gazebo' with build type 'ament_cmake'
[0.145s] INFO:colcon.colcon_cmake.task.cmake.build:Building CMake package in '/home/latte/gz_ws/src/ardupilot_gazebo'
[0.146s] INFO:colcon.colcon_core.plugin_system:Skipping extension 'colcon_core.shell.bat': Not used on non-Windows systems
[0.146s] INFO:colcon.colcon_core.shell:Skip shell extension 'powershell' for command environment: Not usable outside of PowerShell
[0.146s] DEBUG:colcon.colcon_core.shell:Skip shell extension 'dsv' for command environment
[0.147s] INFO:colcon.colcon_cmake.task.cmake.build:Building CMake package in '/home/latte/gz_ws/src/asv_wave_sim/gz-waves'
[0.147s] INFO:colcon.colcon_core.shell:Skip shell extension 'powershell' for command environment: Not usable outside of PowerShell
[0.147s] DEBUG:colcon.colcon_core.shell:Skip shell extension 'dsv' for command environment
[0.151s] DEBUG:colcon.colcon_core.event_handler.log_command:Invoking command in '/home/latte/gz_ws/build/ardupilot_gazebo': /usr/bin/cmake /home/latte/gz_ws/src/ardupilot_gazebo -DCMAKE_BUILD_TYPE=RelWithDebInfo -DBUILD_TESTING=ON -DCMAKE_CXX_STANDARD=17 -DAMENT_CMAKE_SYMLINK_INSTALL=1 -DCMAKE_INSTALL_PREFIX=/home/latte/gz_ws/install
[0.153s] DEBUG:colcon.colcon_core.event_handler.log_command:Invoking command in '/home/latte/gz_ws/build/gz-waves1': /usr/bin/cmake --build /home/latte/gz_ws/build/gz-waves1 -- -j16 -l16
[0.446s] DEBUG:colcon.colcon_core.event_handler.log_command:Invoked command in '/home/latte/gz_ws/build/gz-waves1' returned '0': /usr/bin/cmake --build /home/latte/gz_ws/build/gz-waves1 -- -j16 -l16
[0.455s] DEBUG:colcon.colcon_core.event_handler.log_command:Invoking command in '/home/latte/gz_ws/build/gz-waves1': /usr/bin/cmake --install /home/latte/gz_ws/build/gz-waves1
[0.467s] Level 1:colcon.colcon_core.environment:create_environment_scripts_only(gz-waves1)
[0.468s] DEBUG:colcon.colcon_core.event_handler.log_command:Invoked command in '/home/latte/gz_ws/build/gz-waves1' returned '0': /usr/bin/cmake --install /home/latte/gz_ws/build/gz-waves1
[0.470s] Level 1:colcon.colcon_core.environment:checking '/home/latte/gz_ws/install' for CMake module files
[0.470s] Level 1:colcon.colcon_core.environment:checking '/home/latte/gz_ws/install' for CMake config files
[0.471s] Level 1:colcon.colcon_core.shell:create_environment_hook('gz-waves1', 'cmake_prefix_path')
[0.471s] INFO:colcon.colcon_core.shell:Creating environment hook '/home/latte/gz_ws/install/share/gz-waves1/hook/cmake_prefix_path.ps1'
[0.472s] INFO:colcon.colcon_core.shell:Creating environment descriptor '/home/latte/gz_ws/install/share/gz-waves1/hook/cmake_prefix_path.dsv'
[0.472s] INFO:colcon.colcon_core.shell:Creating environment hook '/home/latte/gz_ws/install/share/gz-waves1/hook/cmake_prefix_path.sh'
[0.473s] Level 1:colcon.colcon_core.environment:checking '/home/latte/gz_ws/install/lib'
[0.473s] Level 1:colcon.colcon_core.shell:create_environment_hook('gz-waves1', 'ld_library_path_lib')
[0.473s] INFO:colcon.colcon_core.shell:Creating environment hook '/home/latte/gz_ws/install/share/gz-waves1/hook/ld_library_path_lib.ps1'
[0.473s] INFO:colcon.colcon_core.shell:Creating environment descriptor '/home/latte/gz_ws/install/share/gz-waves1/hook/ld_library_path_lib.dsv'
[0.473s] INFO:colcon.colcon_core.shell:Creating environment hook '/home/latte/gz_ws/install/share/gz-waves1/hook/ld_library_path_lib.sh'
[0.473s] Level 1:colcon.colcon_core.environment:checking '/home/latte/gz_ws/install/bin'
[0.473s] Level 1:colcon.colcon_core.shell:create_environment_hook('gz-waves1', 'path')
[0.473s] INFO:colcon.colcon_core.shell:Creating environment hook '/home/latte/gz_ws/install/share/gz-waves1/hook/path.ps1'
[0.474s] INFO:colcon.colcon_core.shell:Creating environment descriptor '/home/latte/gz_ws/install/share/gz-waves1/hook/path.dsv'
[0.474s] INFO:colcon.colcon_core.shell:Creating environment hook '/home/latte/gz_ws/install/share/gz-waves1/hook/path.sh'
[0.474s] Level 1:colcon.colcon_core.environment:checking '/home/latte/gz_ws/install/lib/pkgconfig/gz-waves1.pc'
[0.474s] Level 1:colcon.colcon_core.shell:create_environment_hook('gz-waves1', 'pkg_config')
[0.474s] INFO:colcon.colcon_core.shell:Creating environment hook '/home/latte/gz_ws/install/share/gz-waves1/hook/pkg_config.ps1'
[0.474s] INFO:colcon.colcon_core.shell:Creating environment descriptor '/home/latte/gz_ws/install/share/gz-waves1/hook/pkg_config.dsv'
[0.475s] INFO:colcon.colcon_core.shell:Creating environment hook '/home/latte/gz_ws/install/share/gz-waves1/hook/pkg_config.sh'
[0.476s] Level 1:colcon.colcon_core.environment:checking '/home/latte/gz_ws/install/lib/python3.10/site-packages'
[0.476s] Level 1:colcon.colcon_core.environment:checking '/home/latte/gz_ws/install/bin'
[0.476s] Level 1:colcon.colcon_core.shell:create_environment_hook('gz-waves1', 'pythonscriptspath')
[0.476s] INFO:colcon.colcon_core.shell:Creating environment hook '/home/latte/gz_ws/install/share/gz-waves1/hook/pythonscriptspath.ps1'
[0.477s] INFO:colcon.colcon_core.shell:Creating environment descriptor '/home/latte/gz_ws/install/share/gz-waves1/hook/pythonscriptspath.dsv'
[0.477s] INFO:colcon.colcon_core.shell:Creating environment hook '/home/latte/gz_ws/install/share/gz-waves1/hook/pythonscriptspath.sh'
[0.478s] INFO:colcon.colcon_core.shell:Creating package script '/home/latte/gz_ws/install/share/gz-waves1/package.ps1'
[0.479s] INFO:colcon.colcon_core.shell:Creating package descriptor '/home/latte/gz_ws/install/share/gz-waves1/package.dsv'
[0.479s] INFO:colcon.colcon_core.shell:Creating package script '/home/latte/gz_ws/install/share/gz-waves1/package.sh'
[0.480s] INFO:colcon.colcon_core.shell:Creating package script '/home/latte/gz_ws/install/share/gz-waves1/package.bash'
[0.482s] INFO:colcon.colcon_core.shell:Creating package script '/home/latte/gz_ws/install/share/gz-waves1/package.zsh'
[0.483s] Level 1:colcon.colcon_core.environment:create_file_with_runtime_dependencies(/home/latte/gz_ws/install/share/colcon-core/packages/gz-waves1)
[1.358s] DEBUG:colcon.colcon_core.event_handler.log_command:Invoked command in '/home/latte/gz_ws/build/ardupilot_gazebo' returned '0': /usr/bin/cmake /home/latte/gz_ws/src/ardupilot_gazebo -DCMAKE_BUILD_TYPE=RelWithDebInfo -DBUILD_TESTING=ON -DCMAKE_CXX_STANDARD=17 -DAMENT_CMAKE_SYMLINK_INSTALL=1 -DCMAKE_INSTALL_PREFIX=/home/latte/gz_ws/install
[1.360s] DEBUG:colcon.colcon_core.event_handler.log_command:Invoking command in '/home/latte/gz_ws/build/ardupilot_gazebo': /usr/bin/cmake --build /home/latte/gz_ws/build/ardupilot_gazebo -- -j16 -l16
[13.769s] DEBUG:colcon.colcon_core.event_handler.log_command:Invoked command in '/home/latte/gz_ws/build/ardupilot_gazebo' returned '0': /usr/bin/cmake --build /home/latte/gz_ws/build/ardupilot_gazebo -- -j16 -l16
[13.770s] DEBUG:colcon.colcon_core.event_handler.log_command:Invoking command in '/home/latte/gz_ws/build/ardupilot_gazebo': /usr/bin/cmake --install /home/latte/gz_ws/build/ardupilot_gazebo
[13.834s] Level 1:colcon.colcon_core.environment:create_environment_scripts_only(ardupilot_gazebo)
[13.834s] Level 1:colcon.colcon_core.environment:checking '/home/latte/gz_ws/install' for CMake module files
[13.835s] DEBUG:colcon.colcon_core.event_handler.log_command:Invoked command in '/home/latte/gz_ws/build/ardupilot_gazebo' returned '0': /usr/bin/cmake --install /home/latte/gz_ws/build/ardupilot_gazebo
[13.835s] Level 1:colcon.colcon_core.environment:checking '/home/latte/gz_ws/install' for CMake config files
[13.835s] Level 1:colcon.colcon_core.shell:create_environment_hook('ardupilot_gazebo', 'cmake_prefix_path')
[13.835s] INFO:colcon.colcon_core.shell:Creating environment hook '/home/latte/gz_ws/install/share/ardupilot_gazebo/hook/cmake_prefix_path.ps1'
[13.836s] INFO:colcon.colcon_core.shell:Creating environment descriptor '/home/latte/gz_ws/install/share/ardupilot_gazebo/hook/cmake_prefix_path.dsv'
[13.836s] INFO:colcon.colcon_core.shell:Creating environment hook '/home/latte/gz_ws/install/share/ardupilot_gazebo/hook/cmake_prefix_path.sh'
[13.836s] Level 1:colcon.colcon_core.environment:checking '/home/latte/gz_ws/install/lib'
[13.836s] Level 1:colcon.colcon_core.shell:create_environment_hook('ardupilot_gazebo', 'ld_library_path_lib')
[13.836s] INFO:colcon.colcon_core.shell:Creating environment hook '/home/latte/gz_ws/install/share/ardupilot_gazebo/hook/ld_library_path_lib.ps1'
[13.836s] INFO:colcon.colcon_core.shell:Creating environment descriptor '/home/latte/gz_ws/install/share/ardupilot_gazebo/hook/ld_library_path_lib.dsv'
[13.837s] INFO:colcon.colcon_core.shell:Creating environment hook '/home/latte/gz_ws/install/share/ardupilot_gazebo/hook/ld_library_path_lib.sh'
[13.837s] Level 1:colcon.colcon_core.environment:checking '/home/latte/gz_ws/install/bin'
[13.837s] Level 1:colcon.colcon_core.shell:create_environment_hook('ardupilot_gazebo', 'path')
[13.837s] INFO:colcon.colcon_core.shell:Creating environment hook '/home/latte/gz_ws/install/share/ardupilot_gazebo/hook/path.ps1'
[13.837s] INFO:colcon.colcon_core.shell:Creating environment descriptor '/home/latte/gz_ws/install/share/ardupilot_gazebo/hook/path.dsv'
[13.837s] INFO:colcon.colcon_core.shell:Creating environment hook '/home/latte/gz_ws/install/share/ardupilot_gazebo/hook/path.sh'
[13.837s] Level 1:colcon.colcon_core.environment:checking '/home/latte/gz_ws/install/lib/pkgconfig/ardupilot_gazebo.pc'
[13.837s] Level 1:colcon.colcon_core.environment:checking '/home/latte/gz_ws/install/lib/python3.10/site-packages'
[13.838s] Level 1:colcon.colcon_core.environment:checking '/home/latte/gz_ws/install/bin'
[13.838s] Level 1:colcon.colcon_core.shell:create_environment_hook('ardupilot_gazebo', 'pythonscriptspath')
[13.838s] INFO:colcon.colcon_core.shell:Creating environment hook '/home/latte/gz_ws/install/share/ardupilot_gazebo/hook/pythonscriptspath.ps1'
[13.838s] INFO:colcon.colcon_core.shell:Creating environment descriptor '/home/latte/gz_ws/install/share/ardupilot_gazebo/hook/pythonscriptspath.dsv'
[13.838s] INFO:colcon.colcon_core.shell:Creating environment hook '/home/latte/gz_ws/install/share/ardupilot_gazebo/hook/pythonscriptspath.sh'
[13.838s] INFO:colcon.colcon_core.shell:Creating package script '/home/latte/gz_ws/install/share/ardupilot_gazebo/package.ps1'
[13.839s] INFO:colcon.colcon_core.shell:Creating package descriptor '/home/latte/gz_ws/install/share/ardupilot_gazebo/package.dsv'
[13.839s] INFO:colcon.colcon_core.shell:Creating package script '/home/latte/gz_ws/install/share/ardupilot_gazebo/package.sh'
[13.839s] INFO:colcon.colcon_core.shell:Creating package script '/home/latte/gz_ws/install/share/ardupilot_gazebo/package.bash'
[13.839s] INFO:colcon.colcon_core.shell:Creating package script '/home/latte/gz_ws/install/share/ardupilot_gazebo/package.zsh'
[13.839s] Level 1:colcon.colcon_core.environment:create_file_with_runtime_dependencies(/home/latte/gz_ws/install/share/colcon-core/packages/ardupilot_gazebo)
[13.840s] Level 1:colcon.colcon_core.environment:create_environment_scripts_only(ardupilot_gazebo)
[13.840s] Level 1:colcon.colcon_core.environment:checking '/home/latte/gz_ws/install' for CMake module files
[13.840s] Level 1:colcon.colcon_core.environment:checking '/home/latte/gz_ws/install' for CMake config files
[13.840s] Level 1:colcon.colcon_core.shell:create_environment_hook('ardupilot_gazebo', 'cmake_prefix_path')
[13.840s] INFO:colcon.colcon_core.shell:Creating environment hook '/home/latte/gz_ws/install/share/ardupilot_gazebo/hook/cmake_prefix_path.ps1'
[13.841s] INFO:colcon.colcon_core.shell:Creating environment descriptor '/home/latte/gz_ws/install/share/ardupilot_gazebo/hook/cmake_prefix_path.dsv'
[13.841s] INFO:colcon.colcon_core.shell:Creating environment hook '/home/latte/gz_ws/install/share/ardupilot_gazebo/hook/cmake_prefix_path.sh'
[13.841s] Level 1:colcon.colcon_core.environment:checking '/home/latte/gz_ws/install/lib'
[13.841s] Level 1:colcon.colcon_core.shell:create_environment_hook('ardupilot_gazebo', 'ld_library_path_lib')
[13.841s] INFO:colcon.colcon_core.shell:Creating environment hook '/home/latte/gz_ws/install/share/ardupilot_gazebo/hook/ld_library_path_lib.ps1'
[13.842s] INFO:colcon.colcon_core.shell:Creating environment descriptor '/home/latte/gz_ws/install/share/ardupilot_gazebo/hook/ld_library_path_lib.dsv'
[13.842s] INFO:colcon.colcon_core.shell:Creating environment hook '/home/latte/gz_ws/install/share/ardupilot_gazebo/hook/ld_library_path_lib.sh'
[13.842s] Level 1:colcon.colcon_core.environment:checking '/home/latte/gz_ws/install/bin'
[13.842s] Level 1:colcon.colcon_core.shell:create_environment_hook('ardupilot_gazebo', 'path')
[13.843s] INFO:colcon.colcon_core.shell:Creating environment hook '/home/latte/gz_ws/install/share/ardupilot_gazebo/hook/path.ps1'
[13.843s] INFO:colcon.colcon_core.shell:Creating environment descriptor '/home/latte/gz_ws/install/share/ardupilot_gazebo/hook/path.dsv'
[13.843s] INFO:colcon.colcon_core.shell:Creating environment hook '/home/latte/gz_ws/install/share/ardupilot_gazebo/hook/path.sh'
[13.843s] Level 1:colcon.colcon_core.environment:checking '/home/latte/gz_ws/install/lib/pkgconfig/ardupilot_gazebo.pc'
[13.843s] Level 1:colcon.colcon_core.environment:checking '/home/latte/gz_ws/install/lib/python3.10/site-packages'
[13.843s] Level 1:colcon.colcon_core.environment:checking '/home/latte/gz_ws/install/bin'
[13.844s] Level 1:colcon.colcon_core.shell:create_environment_hook('ardupilot_gazebo', 'pythonscriptspath')
[13.844s] INFO:colcon.colcon_core.shell:Creating environment hook '/home/latte/gz_ws/install/share/ardupilot_gazebo/hook/pythonscriptspath.ps1'
[13.844s] INFO:colcon.colcon_core.shell:Creating environment descriptor '/home/latte/gz_ws/install/share/ardupilot_gazebo/hook/pythonscriptspath.dsv'
[13.844s] INFO:colcon.colcon_core.shell:Creating environment hook '/home/latte/gz_ws/install/share/ardupilot_gazebo/hook/pythonscriptspath.sh'
[13.844s] INFO:colcon.colcon_core.shell:Creating package script '/home/latte/gz_ws/install/share/ardupilot_gazebo/package.ps1'
[13.845s] INFO:colcon.colcon_core.shell:Creating package descriptor '/home/latte/gz_ws/install/share/ardupilot_gazebo/package.dsv'
[13.845s] INFO:colcon.colcon_core.shell:Creating package script '/home/latte/gz_ws/install/share/ardupilot_gazebo/package.sh'
[13.846s] INFO:colcon.colcon_core.shell:Creating package script '/home/latte/gz_ws/install/share/ardupilot_gazebo/package.bash'
[13.846s] INFO:colcon.colcon_core.shell:Creating package script '/home/latte/gz_ws/install/share/ardupilot_gazebo/package.zsh'
[13.846s] Level 1:colcon.colcon_core.environment:create_file_with_runtime_dependencies(/home/latte/gz_ws/install/share/colcon-core/packages/ardupilot_gazebo)
[13.846s] DEBUG:colcon.colcon_parallel_executor.executor.parallel:closing loop
[13.846s] DEBUG:colcon.colcon_parallel_executor.executor.parallel:loop closed
[13.846s] DEBUG:colcon.colcon_parallel_executor.executor.parallel:run_until_complete finished with '0'
[13.846s] DEBUG:colcon.colcon_core.event_reactor:joining thread
[13.853s] INFO:colcon.colcon_core.plugin_system:Skipping extension 'colcon_notification.desktop_notification.terminal_notifier': Not used on non-Darwin systems
[13.853s] INFO:colcon.colcon_core.plugin_system:Skipping extension 'colcon_notification.desktop_notification.win32': Not used on non-Windows systems
[13.853s] INFO:colcon.colcon_notification.desktop_notification:Sending desktop notification using 'notify2'
[13.875s] DEBUG:colcon.colcon_core.event_reactor:joined thread
[13.875s] INFO:colcon.colcon_core.shell:Creating prefix script '/home/latte/gz_ws/install/local_setup.ps1'
[13.876s] INFO:colcon.colcon_core.shell:Creating prefix util module '/home/latte/gz_ws/install/_local_setup_util_ps1.py'
[13.877s] INFO:colcon.colcon_core.shell:Creating prefix chain script '/home/latte/gz_ws/install/setup.ps1'
[13.878s] INFO:colcon.colcon_core.shell:Creating prefix script '/home/latte/gz_ws/install/local_setup.sh'
[13.878s] INFO:colcon.colcon_core.shell:Creating prefix util module '/home/latte/gz_ws/install/_local_setup_util_sh.py'
[13.879s] INFO:colcon.colcon_core.shell:Creating prefix chain script '/home/latte/gz_ws/install/setup.sh'
[13.880s] INFO:colcon.colcon_core.shell:Creating prefix script '/home/latte/gz_ws/install/local_setup.bash'
[13.880s] INFO:colcon.colcon_core.shell:Creating prefix chain script '/home/latte/gz_ws/install/setup.bash'
[13.881s] INFO:colcon.colcon_core.shell:Creating prefix script '/home/latte/gz_ws/install/local_setup.zsh'
[13.881s] INFO:colcon.colcon_core.shell:Creating prefix chain script '/home/latte/gz_ws/install/setup.zsh'
