-- The C compiler identification is GNU 11.4.0
-- The CXX compiler identification is GNU 11.4.0
-- Detecting C compiler ABI info
-- Detecting C compiler ABI info - done
-- Check for working C compiler: /usr/bin/cc - skipped
-- Detecting C compile features
-- Detecting C compile features - done
-- Detecting CXX compiler ABI info
-- Detecting CXX compiler ABI info - done
-- Check for working CXX compiler: /usr/bin/c++ - skipped
-- Detecting CXX compile features
-- Detecting CXX compile features - done
-- Looking for gz-common5 -- found version 5.7.0
-- Searching for dependencies of gz-common5
-- Looking for gz-utils2 -- found version 2.2.0
-- Searching for dependencies of gz-utils2
-- Looking for dlfcn.h - found
-- Looking for libdl - found
-- Found DL: TRUE  
-- Checking for module 'uuid'
--   Found uuid, version 2.37.2
-- Found UUID: TRUE  
-- Looking for gz-common5 - found

-- Looking for gz-rendering7 -- found version 7.5.0
-- Searching for dependencies of gz-rendering7
-- Looking for gz-math7 -- found version 7.5.1
-- Searching for dependencies of gz-math7
-- Looking for gz-utils2 -- found version 2.2.0
-- Searching for <gz-math7> component [eigen3]
-- Looking for gz-math7-eigen3 -- found version 7.5.1
-- Searching for dependencies of gz-math7-eigen3
-- Looking for gz-common5 -- found version 5.7.0
-- Searching for dependencies of gz-common5
-- Looking for gz-utils2 -- found version 2.2.0
-- Looking for dlfcn.h - found
-- Looking for libdl - found
-- Searching for <gz-common5> component [graphics]
-- Looking for gz-common5-graphics -- found version 5.7.0
-- Searching for dependencies of gz-common5-graphics
-- Looking for gz-math7 -- found version 7.5.1
-- Found GzAssimp: TRUE (found version "5.2.0") 
-- Searching for <gz-common5> component [events]
-- Looking for gz-common5-events -- found version 5.7.0
-- Searching for dependencies of gz-common5-events
-- Looking for gz-math7 -- found version 7.5.1
-- Searching for <gz-common5> component [geospatial]
-- Looking for gz-common5-geospatial -- found version 5.7.0
-- Searching for dependencies of gz-common5-geospatial
-- Looking for gz-math7 -- found version 7.5.1
-- Looking for gz-common5 -- found version 5.7.0
-- Looking for gz-plugin2 -- found version 2.0.3
-- Searching for dependencies of gz-plugin2
-- Looking for gz-utils2 -- found version 2.2.0
-- Searching for dependencies of gz-utils2
-- Searching for <gz-utils2> component [cli]
-- Looking for gz-utils2-cli -- found version 2.2.0
-- Searching for dependencies of gz-utils2-cli
-- Searching for <gz-plugin2> component [all]
-- Looking for all libraries of gz-plugin2 -- found version 2.0.3
-- Looking for gz-plugin2 -- found version 2.0.3
-- Looking for gz-plugin2-loader -- found version 2.0.3
-- Searching for dependencies of gz-plugin2-loader
-- Looking for gz-plugin2-register -- found version 2.0.3
-- Searching for dependencies of gz-plugin2-register
-- Looking for gz-utils2 -- found version 2.2.0
-- Found OpenGL: /usr/lib/x86_64-linux-gnu/libGL.so  found components: OpenGL 
-- Looking for gz-rendering7 - found

-- Looking for gz-sim7 -- found version 7.9.0
-- Searching for dependencies of gz-sim7
-- Looking for sdformat13 -- found version 13.9.0
-- Searching for dependencies of sdformat13
-- Checking for module 'tinyxml2'
--   Found tinyxml2, version 9.0.0
-- Looking for gz-math7 -- found version 7.5.1
-- Looking for gz-utils2 -- found version 2.2.0
-- Looking for gz-plugin2 -- found version 2.0.3
-- Looking for gz-transport12 -- found version 12.2.2
-- Searching for dependencies of gz-transport12
-- Found Protobuf: /usr/lib/x86_64-linux-gnu/libprotobuf.so (found version "3.12.4") 
-- Config-file not installed for ZeroMQ -- checking for pkg-config
-- Checking for module 'libzmq >= 4'
--   Found libzmq , version 4.3.4
-- Found ZeroMQ: TRUE (Required is at least version "4") 
-- Looking for gz-utils2 -- found version 2.2.0
-- Looking for gz-msgs9 -- found version 9.5.1
-- Searching for dependencies of gz-msgs9
-- Looking for gz-math7 -- found version 7.5.1
-- Searching for <gz-transport12> component [log]
-- Looking for gz-transport12-log -- found version 12.2.2
-- Searching for dependencies of gz-transport12-log
-- Searching for <gz-transport12> component [parameters]
-- Looking for gz-transport12-parameters -- found version 12.2.2
-- Searching for dependencies of gz-transport12-parameters
-- Looking for gz-msgs9 -- found version 9.5.1
-- Looking for gz-common5 -- found version 5.7.0
-- Searching for dependencies of gz-common5
-- Looking for gz-utils2 -- found version 2.2.0
-- Looking for dlfcn.h - found
-- Looking for libdl - found
-- Searching for <gz-common5> component [profiler]
-- Looking for gz-common5-profiler -- found version 5.7.0
-- Searching for dependencies of gz-common5-profiler
-- Searching for <gz-common5> component [events]
-- Searching for <gz-common5> component [av]
-- Looking for gz-common5-av -- found version 5.7.0
-- Searching for dependencies of gz-common5-av
-- Checking for module 'libswscale'
--   Found libswscale, version 5.9.100
-- Found SWSCALE: TRUE  
-- Checking for module 'libavdevice >= 56.4.100'
--   Found libavdevice , version 58.13.100
-- Found AVDEVICE: TRUE (Required is at least version "56.4.100") 
-- Checking for module 'libavformat'
--   Found libavformat, version 58.76.100
-- Found AVFORMAT: TRUE  
-- Checking for module 'libavcodec'
--   Found libavcodec, version 58.134.100
-- Found AVCODEC: TRUE  
-- Checking for module 'libavutil'
--   Found libavutil, version 56.70.100
-- Found AVUTIL: TRUE  
-- Searching for <gz-common5> component [io]
-- Looking for gz-common5-io -- found version 5.7.0
-- Searching for dependencies of gz-common5-io
-- Looking for gz-fuel_tools8 -- found version 8.2.0
-- Searching for dependencies of gz-fuel_tools8
-- Found CURL: /usr/lib/x86_64-linux-gnu/libcurl.so (found version "7.81.0")  
-- Checking for module 'jsoncpp'
--   Found jsoncpp, version 1.9.5
-- Found JSONCPP: TRUE  
-- Checking for module 'yaml-0.1'
--   Found yaml-0.1, version 0.2.2
-- Found YAML: TRUE  
-- Checking for module 'libzip'
--   Found libzip, version 1.7.3
-- Found ZIP: TRUE  
-- Looking for gz-utils2 -- found version 2.2.0
-- Looking for gz-common5 -- found version 5.7.0
-- Searching for dependencies of gz-common5
-- Looking for gz-utils2 -- found version 2.2.0
-- Looking for dlfcn.h - found
-- Looking for libdl - found
-- Searching for <gz-common5> component [testing]
-- Looking for gz-common5-testing -- found version 5.7.0
-- Searching for dependencies of gz-common5-testing
-- Looking for gz-math7 -- found version 7.5.1
-- Looking for gz-msgs9 -- found version 9.5.1
-- Looking for gz-gui7 -- found version 7.2.2
-- Searching for dependencies of gz-gui7
-- Looking for gz-utils2 -- found version 2.2.0
-- Looking for gz-math7 -- found version 7.5.1
-- Looking for gz-common5 -- found version 5.7.0
-- Looking for gz-plugin2 -- found version 2.0.3
-- Looking for gz-transport12 -- found version 12.2.2
-- Looking for gz-rendering7 -- found version 7.5.0
-- Looking for gz-msgs9 -- found version 9.5.1
-- Looking for gz-physics6 -- found version 6.7.0
-- Searching for dependencies of gz-physics6
-- Looking for gz-common5 -- found version 5.7.0
-- Looking for gz-math7 -- found version 7.5.1
-- Looking for gz-plugin2 -- found version 2.0.3
-- Looking for gz-utils2 -- found version 2.2.0
-- Searching for <gz-physics6> component [heightmap]
-- Looking for gz-physics6-heightmap -- found version 6.7.0
-- Searching for dependencies of gz-physics6-heightmap
-- Looking for gz-common5 -- found version 5.7.0
-- Searching for <gz-physics6> component [mesh]
-- Looking for gz-physics6-mesh -- found version 6.7.0
-- Searching for dependencies of gz-physics6-mesh
-- Looking for gz-common5 -- found version 5.7.0
-- Searching for <gz-physics6> component [sdf]
-- Looking for gz-physics6-sdf -- found version 6.7.0
-- Searching for dependencies of gz-physics6-sdf
-- Looking for sdformat13 -- found version 13.9.0
-- Looking for gz-sensors7 -- found version 7.3.1
-- Searching for dependencies of gz-sensors7
-- Looking for gz-math7 -- found version 7.5.1
-- Looking for gz-common5 -- found version 5.7.0
-- Looking for gz-transport12 -- found version 12.2.2
-- Looking for gz-rendering7 -- found version 7.5.0
-- Looking for gz-msgs9 -- found version 9.5.1
-- Looking for sdformat13 -- found version 13.9.0
-- Searching for <gz-sensors7> component [air_pressure]
-- Looking for gz-sensors7-air_pressure -- found version 7.3.1
-- Searching for dependencies of gz-sensors7-air_pressure
-- Searching for <gz-sensors7> component [air_speed]
-- Looking for gz-sensors7-air_speed -- found version 7.3.1
-- Searching for dependencies of gz-sensors7-air_speed
-- Searching for <gz-sensors7> component [altimeter]
-- Looking for gz-sensors7-altimeter -- found version 7.3.1
-- Searching for dependencies of gz-sensors7-altimeter
-- Searching for <gz-sensors7> component [imu]
-- Looking for gz-sensors7-imu -- found version 7.3.1
-- Searching for dependencies of gz-sensors7-imu
-- Searching for <gz-sensors7> component [force_torque]
-- Looking for gz-sensors7-force_torque -- found version 7.3.1
-- Searching for dependencies of gz-sensors7-force_torque
-- Searching for <gz-sensors7> component [logical_camera]
-- Looking for gz-sensors7-logical_camera -- found version 7.3.1
-- Searching for dependencies of gz-sensors7-logical_camera
-- Searching for <gz-sensors7> component [magnetometer]
-- Looking for gz-sensors7-magnetometer -- found version 7.3.1
-- Searching for dependencies of gz-sensors7-magnetometer
-- Searching for <gz-sensors7> component [navsat]
-- Looking for gz-sensors7-navsat -- found version 7.3.1
-- Searching for dependencies of gz-sensors7-navsat
-- Searching for <gz-sensors7> component [rendering]
-- Looking for gz-sensors7-rendering -- found version 7.3.1
-- Searching for dependencies of gz-sensors7-rendering
-- Searching for <gz-sensors7> component [lidar]
-- Looking for gz-sensors7-lidar -- found version 7.3.1
-- Searching for dependencies of gz-sensors7-lidar
-- Looking for gz-sensors7 -- found version 7.3.1
-- Searching for <gz-sensors7> component [gpu_lidar]
-- Looking for gz-sensors7-gpu_lidar -- found version 7.3.1
-- Searching for dependencies of gz-sensors7-gpu_lidar
-- Looking for gz-sensors7 -- found version 7.3.1
-- Searching for <gz-sensors7> component [camera]
-- Looking for gz-sensors7-camera -- found version 7.3.1
-- Searching for dependencies of gz-sensors7-camera
-- Looking for gz-sensors7 -- found version 7.3.1
-- Searching for <gz-sensors7> component [boundingbox_camera]
-- Looking for gz-sensors7-boundingbox_camera -- found version 7.3.1
-- Searching for dependencies of gz-sensors7-boundingbox_camera
-- Searching for <gz-sensors7> component [segmentation_camera]
-- Looking for gz-sensors7-segmentation_camera -- found version 7.3.1
-- Searching for dependencies of gz-sensors7-segmentation_camera
-- Searching for <gz-sensors7> component [depth_camera]
-- Looking for gz-sensors7-depth_camera -- found version 7.3.1
-- Searching for dependencies of gz-sensors7-depth_camera
-- Looking for gz-sensors7 -- found version 7.3.1
-- Searching for <gz-sensors7> component [rgbd_camera]
-- Looking for gz-sensors7-rgbd_camera -- found version 7.3.1
-- Searching for dependencies of gz-sensors7-rgbd_camera
-- Looking for gz-sensors7 -- found version 7.3.1
-- Searching for <gz-sensors7> component [thermal_camera]
-- Looking for gz-sensors7-thermal_camera -- found version 7.3.1
-- Searching for dependencies of gz-sensors7-thermal_camera
-- Looking for gz-sensors7 -- found version 7.3.1
-- Searching for <gz-sensors7> component [wide_angle_camera]
-- Looking for gz-sensors7-wide_angle_camera -- found version 7.3.1
-- Searching for dependencies of gz-sensors7-wide_angle_camera
-- Looking for gz-rendering7 -- found version 7.5.0
-- Looking for gz-math7 -- found version 7.5.1
-- Looking for gz-utils2 -- found version 2.2.0
-- Looking for gz-sim7 - found

-- Compiling against Gazebo Garden
-- RapidJSON found. Headers: /usr/include
-- Found OpenCV: /usr (found version "4.5.4") 
-- Checking for modules 'gstreamer-1.0;gstreamer-app-1.0'
--   Found gstreamer-1.0, version 1.20.3
--   Found gstreamer-app-1.0, version 1.20.1
-- Configuring done
-- Generating done
[33mCMake Warning:
  Manually-specified variables were not used by the project:

    AMENT_CMAKE_SYMLINK_INSTALL
    BUILD_TESTING

[0m
-- Build files have been written to: /home/latte/gz_ws/build/ardupilot_gazebo
[ 20%] [32mBuilding CXX object CMakeFiles/GstCameraPlugin.dir/src/GstCameraPlugin.cc.o[0m
[ 20%] [32mBuilding CXX object CMakeFiles/ArduPilotPlugin.dir/src/ArduPilotPlugin.cc.o[0m
[ 30%] [32mBuilding CXX object CMakeFiles/CameraZoomPlugin.dir/src/CameraZoomPlugin.cc.o[0m
[ 40%] [32mBuilding CXX object CMakeFiles/ParachutePlugin.dir/src/ParachutePlugin.cc.o[0m
[ 60%] [32mBuilding CXX object CMakeFiles/ArduPilotPlugin.dir/src/Util.cc.o[0m
[ 60%] [32mBuilding CXX object CMakeFiles/ArduPilotPlugin.dir/src/SocketUDP.cc.o[0m
[ 70%] [32m[1mLinking CXX shared library libCameraZoomPlugin.so[0m
[ 80%] [32m[1mLinking CXX shared library libParachutePlugin.so[0m
[ 80%] Built target CameraZoomPlugin
[ 80%] Built target ParachutePlugin
[ 90%] [32m[1mLinking CXX shared library libGstCameraPlugin.so[0m
[ 90%] Built target GstCameraPlugin
[100%] [32m[1mLinking CXX shared library libArduPilotPlugin.so[0m
[100%] Built target ArduPilotPlugin
-- Install configuration: "RelWithDebInfo"
-- Installing: /home/latte/gz_ws/install/lib/ardupilot_gazebo/libArduPilotPlugin.so
-- Installing: /home/latte/gz_ws/install/lib/ardupilot_gazebo/libParachutePlugin.so
-- Installing: /home/latte/gz_ws/install/lib/ardupilot_gazebo/libCameraZoomPlugin.so
-- Installing: /home/latte/gz_ws/install/lib/ardupilot_gazebo/libGstCameraPlugin.so
-- Installing: /home/latte/gz_ws/install/share/ardupilot_gazebo/config
-- Installing: /home/latte/gz_ws/install/share/ardupilot_gazebo/config/gazebo-iris-gimbal.parm
-- Installing: /home/latte/gz_ws/install/share/ardupilot_gazebo/models
-- Installing: /home/latte/gz_ws/install/share/ardupilot_gazebo/models/iris_with_ardupilot
-- Installing: /home/latte/gz_ws/install/share/ardupilot_gazebo/models/iris_with_ardupilot/model.sdf
-- Installing: /home/latte/gz_ws/install/share/ardupilot_gazebo/models/iris_with_ardupilot/model.config
-- Installing: /home/latte/gz_ws/install/share/ardupilot_gazebo/models/runway
-- Installing: /home/latte/gz_ws/install/share/ardupilot_gazebo/models/runway/model.sdf
-- Installing: /home/latte/gz_ws/install/share/ardupilot_gazebo/models/runway/materials
-- Installing: /home/latte/gz_ws/install/share/ardupilot_gazebo/models/runway/materials/textures
-- Installing: /home/latte/gz_ws/install/share/ardupilot_gazebo/models/runway/materials/textures/Grass004_2K_AmbientOcclusion.jpg
-- Installing: /home/latte/gz_ws/install/share/ardupilot_gazebo/models/runway/materials/textures/Grass004_2K_NormalGL.jpg
-- Installing: /home/latte/gz_ws/install/share/ardupilot_gazebo/models/runway/materials/textures/Grass004_2K_Roughness.jpg
-- Installing: /home/latte/gz_ws/install/share/ardupilot_gazebo/models/runway/materials/textures/Grass004_2K_Color copy.jpg
-- Installing: /home/latte/gz_ws/install/share/ardupilot_gazebo/models/runway/materials/textures/Grass004_2K_Color.jpg
-- Installing: /home/latte/gz_ws/install/share/ardupilot_gazebo/models/runway/materials/textures/runway.png
-- Installing: /home/latte/gz_ws/install/share/ardupilot_gazebo/models/runway/materials/textures/Grass004_2K_Displacement.jpg
-- Installing: /home/latte/gz_ws/install/share/ardupilot_gazebo/models/runway/meshes
-- Installing: /home/latte/gz_ws/install/share/ardupilot_gazebo/models/runway/meshes/airfield.dae
-- Installing: /home/latte/gz_ws/install/share/ardupilot_gazebo/models/runway/model.config
-- Installing: /home/latte/gz_ws/install/share/ardupilot_gazebo/models/zephyr
-- Installing: /home/latte/gz_ws/install/share/ardupilot_gazebo/models/zephyr/model.sdf
-- Installing: /home/latte/gz_ws/install/share/ardupilot_gazebo/models/zephyr/thumbnails
-- Installing: /home/latte/gz_ws/install/share/ardupilot_gazebo/models/zephyr/thumbnails/4.png
-- Installing: /home/latte/gz_ws/install/share/ardupilot_gazebo/models/zephyr/thumbnails/3.png
-- Installing: /home/latte/gz_ws/install/share/ardupilot_gazebo/models/zephyr/thumbnails/2.png
-- Installing: /home/latte/gz_ws/install/share/ardupilot_gazebo/models/zephyr/thumbnails/5.png
-- Installing: /home/latte/gz_ws/install/share/ardupilot_gazebo/models/zephyr/thumbnails/1.png
-- Installing: /home/latte/gz_ws/install/share/ardupilot_gazebo/models/zephyr/materials
-- Installing: /home/latte/gz_ws/install/share/ardupilot_gazebo/models/zephyr/materials/textures
-- Installing: /home/latte/gz_ws/install/share/ardupilot_gazebo/models/zephyr/materials/textures/wing.png
-- Installing: /home/latte/gz_ws/install/share/ardupilot_gazebo/models/zephyr/meshes
-- Installing: /home/latte/gz_ws/install/share/ardupilot_gazebo/models/zephyr/meshes/wing.dae
-- Installing: /home/latte/gz_ws/install/share/ardupilot_gazebo/models/zephyr/meshes/parachute_small.dae
-- Installing: /home/latte/gz_ws/install/share/ardupilot_gazebo/models/zephyr/model.config
-- Installing: /home/latte/gz_ws/install/share/ardupilot_gazebo/models/zephyr_with_ardupilot
-- Installing: /home/latte/gz_ws/install/share/ardupilot_gazebo/models/zephyr_with_ardupilot/model.sdf
-- Installing: /home/latte/gz_ws/install/share/ardupilot_gazebo/models/zephyr_with_ardupilot/model.config
-- Installing: /home/latte/gz_ws/install/share/ardupilot_gazebo/models/gimbal_small_1d
-- Installing: /home/latte/gz_ws/install/share/ardupilot_gazebo/models/gimbal_small_1d/model.sdf
-- Installing: /home/latte/gz_ws/install/share/ardupilot_gazebo/models/gimbal_small_1d/meshes
-- Installing: /home/latte/gz_ws/install/share/ardupilot_gazebo/models/gimbal_small_1d/meshes/tilt.dae
-- Installing: /home/latte/gz_ws/install/share/ardupilot_gazebo/models/gimbal_small_1d/meshes/base_arm.dae
-- Installing: /home/latte/gz_ws/install/share/ardupilot_gazebo/models/gimbal_small_1d/meshes/base_main.dae
-- Installing: /home/latte/gz_ws/install/share/ardupilot_gazebo/models/gimbal_small_1d/model.config
-- Installing: /home/latte/gz_ws/install/share/ardupilot_gazebo/models/parachute_small
-- Installing: /home/latte/gz_ws/install/share/ardupilot_gazebo/models/parachute_small/model.sdf
-- Installing: /home/latte/gz_ws/install/share/ardupilot_gazebo/models/parachute_small/meshes
-- Installing: /home/latte/gz_ws/install/share/ardupilot_gazebo/models/parachute_small/meshes/parachute_small.dae
-- Installing: /home/latte/gz_ws/install/share/ardupilot_gazebo/models/parachute_small/model.config
-- Installing: /home/latte/gz_ws/install/share/ardupilot_gazebo/models/zephyr_with_parachute
-- Installing: /home/latte/gz_ws/install/share/ardupilot_gazebo/models/zephyr_with_parachute/model.sdf
-- Installing: /home/latte/gz_ws/install/share/ardupilot_gazebo/models/zephyr_with_parachute/model.config
-- Installing: /home/latte/gz_ws/install/share/ardupilot_gazebo/models/iris_with_standoffs
-- Installing: /home/latte/gz_ws/install/share/ardupilot_gazebo/models/iris_with_standoffs/model.sdf
-- Installing: /home/latte/gz_ws/install/share/ardupilot_gazebo/models/iris_with_standoffs/meshes
-- Installing: /home/latte/gz_ws/install/share/ardupilot_gazebo/models/iris_with_standoffs/meshes/iris_prop_ccw.dae
-- Installing: /home/latte/gz_ws/install/share/ardupilot_gazebo/models/iris_with_standoffs/meshes/iris_prop_cw.dae
-- Installing: /home/latte/gz_ws/install/share/ardupilot_gazebo/models/iris_with_standoffs/meshes/iris.dae
-- Installing: /home/latte/gz_ws/install/share/ardupilot_gazebo/models/iris_with_standoffs/model.config
-- Installing: /home/latte/gz_ws/install/share/ardupilot_gazebo/models/iris_with_gimbal
-- Installing: /home/latte/gz_ws/install/share/ardupilot_gazebo/models/iris_with_gimbal/model.sdf
-- Installing: /home/latte/gz_ws/install/share/ardupilot_gazebo/models/iris_with_gimbal/model.config
-- Installing: /home/latte/gz_ws/install/share/ardupilot_gazebo/models/gimbal_small_3d
-- Installing: /home/latte/gz_ws/install/share/ardupilot_gazebo/models/gimbal_small_3d/model.sdf
-- Installing: /home/latte/gz_ws/install/share/ardupilot_gazebo/models/gimbal_small_3d/meshes
-- Installing: /home/latte/gz_ws/install/share/ardupilot_gazebo/models/gimbal_small_3d/meshes/base_plate.dae
-- Installing: /home/latte/gz_ws/install/share/ardupilot_gazebo/models/gimbal_small_3d/meshes/camera_enclosure.dae
-- Installing: /home/latte/gz_ws/install/share/ardupilot_gazebo/models/gimbal_small_3d/meshes/roll_arm.dae
-- Installing: /home/latte/gz_ws/install/share/ardupilot_gazebo/models/gimbal_small_3d/meshes/yaw_arm.dae
-- Installing: /home/latte/gz_ws/install/share/ardupilot_gazebo/models/gimbal_small_3d/model.config
-- Installing: /home/latte/gz_ws/install/share/ardupilot_gazebo/models/gimbal_small_2d
-- Installing: /home/latte/gz_ws/install/share/ardupilot_gazebo/models/gimbal_small_2d/model.sdf
-- Installing: /home/latte/gz_ws/install/share/ardupilot_gazebo/models/gimbal_small_2d/meshes
-- Installing: /home/latte/gz_ws/install/share/ardupilot_gazebo/models/gimbal_small_2d/meshes/tilt.dae
-- Installing: /home/latte/gz_ws/install/share/ardupilot_gazebo/models/gimbal_small_2d/meshes/base_arm.dae
-- Installing: /home/latte/gz_ws/install/share/ardupilot_gazebo/models/gimbal_small_2d/meshes/base_main.dae
-- Installing: /home/latte/gz_ws/install/share/ardupilot_gazebo/models/gimbal_small_2d/model.config
-- Installing: /home/latte/gz_ws/install/share/ardupilot_gazebo/worlds
-- Installing: /home/latte/gz_ws/install/share/ardupilot_gazebo/worlds/zephyr_parachute.sdf
-- Installing: /home/latte/gz_ws/install/share/ardupilot_gazebo/worlds/zephyr_runway.sdf
-- Installing: /home/latte/gz_ws/install/share/ardupilot_gazebo/worlds/iris_warehouse.sdf
-- Installing: /home/latte/gz_ws/install/share/ardupilot_gazebo/worlds/gimbal.sdf
-- Installing: /home/latte/gz_ws/install/share/ardupilot_gazebo/worlds/iris_runway.sdf
