[0.006s] Invoking command in '/home/latte/gz_ws/build/ardupilot_gazebo': /usr/bin/cmake /home/latte/gz_ws/src/ardupilot_gazebo -DCMAKE_BUILD_TYPE=RelWithDebInfo -DBUILD_TESTING=ON -DCMAKE_CXX_STANDARD=17 -DAMENT_CMAKE_SYMLINK_INSTALL=1 -DCMAKE_INSTALL_PREFIX=/home/latte/gz_ws/install
[0.056s] -- The C compiler identification is GNU 11.4.0
[0.103s] -- The CXX compiler identification is GNU 11.4.0
[0.108s] -- Detecting C compiler ABI info
[0.177s] -- Detecting C compiler ABI info - done
[0.185s] -- Check for working C compiler: /usr/bin/cc - skipped
[0.185s] -- Detecting C compile features
[0.185s] -- Detecting C compile features - done
[0.190s] -- Detecting CXX compiler ABI info
[0.265s] -- Detecting CXX compiler ABI info - done
[0.272s] -- Check for working CXX compiler: /usr/bin/c++ - skipped
[0.273s] -- Detecting CXX compile features
[0.273s] -- Detecting CXX compile features - done
[0.287s] -- Looking for gz-common5 -- found version 5.7.0
[0.288s] -- Searching for dependencies of gz-common5
[0.288s] -- Looking for gz-utils2 -- found version 2.2.0
[0.289s] -- Searching for dependencies of gz-utils2
[0.289s] -- Looking for dlfcn.h - found
[0.295s] -- Looking for libdl - found
[0.296s] -- Found DL: TRUE  
[0.301s] -- Checking for module 'uuid'
[0.311s] --   Found uuid, version 2.37.2
[0.335s] -- Found UUID: TRUE  
[0.336s] -- Looking for gz-common5 - found
[0.337s] 
[0.338s] -- Looking for gz-rendering7 -- found version 7.5.0
[0.338s] -- Searching for dependencies of gz-rendering7
[0.339s] -- Looking for gz-math7 -- found version 7.5.1
[0.339s] -- Searching for dependencies of gz-math7
[0.339s] -- Looking for gz-utils2 -- found version 2.2.0
[0.339s] -- Searching for <gz-math7> component [eigen3]
[0.340s] -- Looking for gz-math7-eigen3 -- found version 7.5.1
[0.340s] -- Searching for dependencies of gz-math7-eigen3
[0.343s] -- Looking for gz-common5 -- found version 5.7.0
[0.344s] -- Searching for dependencies of gz-common5
[0.344s] -- Looking for gz-utils2 -- found version 2.2.0
[0.344s] -- Looking for dlfcn.h - found
[0.344s] -- Looking for libdl - found
[0.349s] -- Searching for <gz-common5> component [graphics]
[0.350s] -- Looking for gz-common5-graphics -- found version 5.7.0
[0.350s] -- Searching for dependencies of gz-common5-graphics
[0.350s] -- Looking for gz-math7 -- found version 7.5.1
[0.352s] -- Found GzAssimp: TRUE (found version "5.2.0") 
[0.352s] -- Searching for <gz-common5> component [events]
[0.353s] -- Looking for gz-common5-events -- found version 5.7.0
[0.353s] -- Searching for dependencies of gz-common5-events
[0.353s] -- Looking for gz-math7 -- found version 7.5.1
[0.354s] -- Searching for <gz-common5> component [geospatial]
[0.354s] -- Looking for gz-common5-geospatial -- found version 5.7.0
[0.354s] -- Searching for dependencies of gz-common5-geospatial
[0.355s] -- Looking for gz-math7 -- found version 7.5.1
[0.355s] -- Looking for gz-common5 -- found version 5.7.0
[0.355s] -- Looking for gz-plugin2 -- found version 2.0.3
[0.356s] -- Searching for dependencies of gz-plugin2
[0.356s] -- Looking for gz-utils2 -- found version 2.2.0
[0.356s] -- Searching for dependencies of gz-utils2
[0.356s] -- Searching for <gz-utils2> component [cli]
[0.357s] -- Looking for gz-utils2-cli -- found version 2.2.0
[0.357s] -- Searching for dependencies of gz-utils2-cli
[0.357s] -- Searching for <gz-plugin2> component [all]
[0.358s] -- Looking for all libraries of gz-plugin2 -- found version 2.0.3
[0.358s] -- Looking for gz-plugin2 -- found version 2.0.3
[0.358s] -- Looking for gz-plugin2-loader -- found version 2.0.3
[0.359s] -- Searching for dependencies of gz-plugin2-loader
[0.359s] -- Looking for gz-plugin2-register -- found version 2.0.3
[0.359s] -- Searching for dependencies of gz-plugin2-register
[0.360s] -- Looking for gz-utils2 -- found version 2.2.0
[0.366s] -- Found OpenGL: /usr/lib/x86_64-linux-gnu/libGL.so  found components: OpenGL 
[0.366s] -- Looking for gz-rendering7 - found
[0.367s] 
[0.367s] -- Looking for gz-sim7 -- found version 7.9.0
[0.367s] -- Searching for dependencies of gz-sim7
[0.368s] -- Looking for sdformat13 -- found version 13.9.0
[0.368s] -- Searching for dependencies of sdformat13
[0.372s] -- Checking for module 'tinyxml2'
[0.382s] --   Found tinyxml2, version 9.0.0
[0.410s] -- Looking for gz-math7 -- found version 7.5.1
[0.410s] -- Looking for gz-utils2 -- found version 2.2.0
[0.410s] -- Looking for gz-plugin2 -- found version 2.0.3
[0.411s] -- Looking for gz-transport12 -- found version 12.2.2
[0.411s] -- Searching for dependencies of gz-transport12
[0.535s] -- Found Protobuf: /usr/lib/x86_64-linux-gnu/libprotobuf.so (found version "3.12.4") 
[0.541s] -- Config-file not installed for ZeroMQ -- checking for pkg-config
[0.545s] -- Checking for module 'libzmq >= 4'
[0.556s] --   Found libzmq , version 4.3.4
[0.585s] -- Found ZeroMQ: TRUE (Required is at least version "4") 
[0.591s] -- Looking for gz-utils2 -- found version 2.2.0
[0.591s] -- Looking for gz-msgs9 -- found version 9.5.1
[0.592s] -- Searching for dependencies of gz-msgs9
[0.603s] -- Looking for gz-math7 -- found version 7.5.1
[0.608s] -- Searching for <gz-transport12> component [log]
[0.609s] -- Looking for gz-transport12-log -- found version 12.2.2
[0.609s] -- Searching for dependencies of gz-transport12-log
[0.609s] -- Searching for <gz-transport12> component [parameters]
[0.610s] -- Looking for gz-transport12-parameters -- found version 12.2.2
[0.610s] -- Searching for dependencies of gz-transport12-parameters
[0.611s] -- Looking for gz-msgs9 -- found version 9.5.1
[0.611s] -- Looking for gz-common5 -- found version 5.7.0
[0.611s] -- Searching for dependencies of gz-common5
[0.611s] -- Looking for gz-utils2 -- found version 2.2.0
[0.611s] -- Looking for dlfcn.h - found
[0.611s] -- Looking for libdl - found
[0.617s] -- Searching for <gz-common5> component [profiler]
[0.618s] -- Looking for gz-common5-profiler -- found version 5.7.0
[0.619s] -- Searching for dependencies of gz-common5-profiler
[0.619s] -- Searching for <gz-common5> component [events]
[0.619s] -- Searching for <gz-common5> component [av]
[0.620s] -- Looking for gz-common5-av -- found version 5.7.0
[0.620s] -- Searching for dependencies of gz-common5-av
[0.624s] -- Checking for module 'libswscale'
[0.636s] --   Found libswscale, version 5.9.100
[0.666s] -- Found SWSCALE: TRUE  
[0.670s] -- Checking for module 'libavdevice >= 56.4.100'
[0.680s] --   Found libavdevice , version 58.13.100
[0.711s] -- Found AVDEVICE: TRUE (Required is at least version "56.4.100") 
[0.716s] -- Checking for module 'libavformat'
[0.725s] --   Found libavformat, version 58.76.100
[0.757s] -- Found AVFORMAT: TRUE  
[0.761s] -- Checking for module 'libavcodec'
[0.771s] --   Found libavcodec, version 58.134.100
[0.799s] -- Found AVCODEC: TRUE  
[0.803s] -- Checking for module 'libavutil'
[0.813s] --   Found libavutil, version 56.70.100
[0.844s] -- Found AVUTIL: TRUE  
[0.844s] -- Searching for <gz-common5> component [io]
[0.845s] -- Looking for gz-common5-io -- found version 5.7.0
[0.846s] -- Searching for dependencies of gz-common5-io
[0.847s] -- Looking for gz-fuel_tools8 -- found version 8.2.0
[0.848s] -- Searching for dependencies of gz-fuel_tools8
[0.907s] -- Found CURL: /usr/lib/x86_64-linux-gnu/libcurl.so (found version "7.81.0")  
[0.912s] -- Checking for module 'jsoncpp'
[0.922s] --   Found jsoncpp, version 1.9.5
[0.953s] -- Found JSONCPP: TRUE  
[0.963s] -- Checking for module 'yaml-0.1'
[0.974s] --   Found yaml-0.1, version 0.2.2
[1.003s] -- Found YAML: TRUE  
[1.007s] -- Checking for module 'libzip'
[1.017s] --   Found libzip, version 1.7.3
[1.046s] -- Found ZIP: TRUE  
[1.046s] -- Looking for gz-utils2 -- found version 2.2.0
[1.046s] -- Looking for gz-common5 -- found version 5.7.0
[1.047s] -- Searching for dependencies of gz-common5
[1.047s] -- Looking for gz-utils2 -- found version 2.2.0
[1.047s] -- Looking for dlfcn.h - found
[1.047s] -- Looking for libdl - found
[1.054s] -- Searching for <gz-common5> component [testing]
[1.054s] -- Looking for gz-common5-testing -- found version 5.7.0
[1.055s] -- Searching for dependencies of gz-common5-testing
[1.056s] -- Looking for gz-math7 -- found version 7.5.1
[1.056s] -- Looking for gz-msgs9 -- found version 9.5.1
[1.057s] -- Looking for gz-gui7 -- found version 7.2.2
[1.057s] -- Searching for dependencies of gz-gui7
[1.071s] -- Looking for gz-utils2 -- found version 2.2.0
[1.071s] -- Looking for gz-math7 -- found version 7.5.1
[1.071s] -- Looking for gz-common5 -- found version 5.7.0
[1.072s] -- Looking for gz-plugin2 -- found version 2.0.3
[1.072s] -- Looking for gz-transport12 -- found version 12.2.2
[1.072s] -- Looking for gz-rendering7 -- found version 7.5.0
[1.073s] -- Looking for gz-msgs9 -- found version 9.5.1
[1.083s] -- Looking for gz-physics6 -- found version 6.7.0
[1.083s] -- Searching for dependencies of gz-physics6
[1.083s] -- Looking for gz-common5 -- found version 5.7.0
[1.083s] -- Looking for gz-math7 -- found version 7.5.1
[1.083s] -- Looking for gz-plugin2 -- found version 2.0.3
[1.083s] -- Looking for gz-utils2 -- found version 2.2.0
[1.084s] -- Searching for <gz-physics6> component [heightmap]
[1.084s] -- Looking for gz-physics6-heightmap -- found version 6.7.0
[1.085s] -- Searching for dependencies of gz-physics6-heightmap
[1.085s] -- Looking for gz-common5 -- found version 5.7.0
[1.085s] -- Searching for <gz-physics6> component [mesh]
[1.085s] -- Looking for gz-physics6-mesh -- found version 6.7.0
[1.086s] -- Searching for dependencies of gz-physics6-mesh
[1.086s] -- Looking for gz-common5 -- found version 5.7.0
[1.086s] -- Searching for <gz-physics6> component [sdf]
[1.087s] -- Looking for gz-physics6-sdf -- found version 6.7.0
[1.087s] -- Searching for dependencies of gz-physics6-sdf
[1.087s] -- Looking for sdformat13 -- found version 13.9.0
[1.088s] -- Looking for gz-sensors7 -- found version 7.3.1
[1.088s] -- Searching for dependencies of gz-sensors7
[1.099s] -- Looking for gz-math7 -- found version 7.5.1
[1.099s] -- Looking for gz-common5 -- found version 5.7.0
[1.099s] -- Looking for gz-transport12 -- found version 12.2.2
[1.099s] -- Looking for gz-rendering7 -- found version 7.5.0
[1.100s] -- Looking for gz-msgs9 -- found version 9.5.1
[1.100s] -- Looking for sdformat13 -- found version 13.9.0
[1.100s] -- Searching for <gz-sensors7> component [air_pressure]
[1.101s] -- Looking for gz-sensors7-air_pressure -- found version 7.3.1
[1.101s] -- Searching for dependencies of gz-sensors7-air_pressure
[1.101s] -- Searching for <gz-sensors7> component [air_speed]
[1.102s] -- Looking for gz-sensors7-air_speed -- found version 7.3.1
[1.102s] -- Searching for dependencies of gz-sensors7-air_speed
[1.102s] -- Searching for <gz-sensors7> component [altimeter]
[1.102s] -- Looking for gz-sensors7-altimeter -- found version 7.3.1
[1.103s] -- Searching for dependencies of gz-sensors7-altimeter
[1.103s] -- Searching for <gz-sensors7> component [imu]
[1.103s] -- Looking for gz-sensors7-imu -- found version 7.3.1
[1.104s] -- Searching for dependencies of gz-sensors7-imu
[1.104s] -- Searching for <gz-sensors7> component [force_torque]
[1.104s] -- Looking for gz-sensors7-force_torque -- found version 7.3.1
[1.105s] -- Searching for dependencies of gz-sensors7-force_torque
[1.105s] -- Searching for <gz-sensors7> component [logical_camera]
[1.105s] -- Looking for gz-sensors7-logical_camera -- found version 7.3.1
[1.106s] -- Searching for dependencies of gz-sensors7-logical_camera
[1.106s] -- Searching for <gz-sensors7> component [magnetometer]
[1.106s] -- Looking for gz-sensors7-magnetometer -- found version 7.3.1
[1.107s] -- Searching for dependencies of gz-sensors7-magnetometer
[1.107s] -- Searching for <gz-sensors7> component [navsat]
[1.107s] -- Looking for gz-sensors7-navsat -- found version 7.3.1
[1.107s] -- Searching for dependencies of gz-sensors7-navsat
[1.108s] -- Searching for <gz-sensors7> component [rendering]
[1.108s] -- Looking for gz-sensors7-rendering -- found version 7.3.1
[1.108s] -- Searching for dependencies of gz-sensors7-rendering
[1.109s] -- Searching for <gz-sensors7> component [lidar]
[1.109s] -- Looking for gz-sensors7-lidar -- found version 7.3.1
[1.109s] -- Searching for dependencies of gz-sensors7-lidar
[1.110s] -- Looking for gz-sensors7 -- found version 7.3.1
[1.110s] -- Searching for <gz-sensors7> component [gpu_lidar]
[1.110s] -- Looking for gz-sensors7-gpu_lidar -- found version 7.3.1
[1.111s] -- Searching for dependencies of gz-sensors7-gpu_lidar
[1.111s] -- Looking for gz-sensors7 -- found version 7.3.1
[1.111s] -- Searching for <gz-sensors7> component [camera]
[1.112s] -- Looking for gz-sensors7-camera -- found version 7.3.1
[1.112s] -- Searching for dependencies of gz-sensors7-camera
[1.112s] -- Looking for gz-sensors7 -- found version 7.3.1
[1.112s] -- Searching for <gz-sensors7> component [boundingbox_camera]
[1.113s] -- Looking for gz-sensors7-boundingbox_camera -- found version 7.3.1
[1.113s] -- Searching for dependencies of gz-sensors7-boundingbox_camera
[1.113s] -- Searching for <gz-sensors7> component [segmentation_camera]
[1.114s] -- Looking for gz-sensors7-segmentation_camera -- found version 7.3.1
[1.114s] -- Searching for dependencies of gz-sensors7-segmentation_camera
[1.114s] -- Searching for <gz-sensors7> component [depth_camera]
[1.115s] -- Looking for gz-sensors7-depth_camera -- found version 7.3.1
[1.115s] -- Searching for dependencies of gz-sensors7-depth_camera
[1.115s] -- Looking for gz-sensors7 -- found version 7.3.1
[1.115s] -- Searching for <gz-sensors7> component [rgbd_camera]
[1.116s] -- Looking for gz-sensors7-rgbd_camera -- found version 7.3.1
[1.116s] -- Searching for dependencies of gz-sensors7-rgbd_camera
[1.116s] -- Looking for gz-sensors7 -- found version 7.3.1
[1.117s] -- Searching for <gz-sensors7> component [thermal_camera]
[1.117s] -- Looking for gz-sensors7-thermal_camera -- found version 7.3.1
[1.117s] -- Searching for dependencies of gz-sensors7-thermal_camera
[1.117s] -- Looking for gz-sensors7 -- found version 7.3.1
[1.118s] -- Searching for <gz-sensors7> component [wide_angle_camera]
[1.118s] -- Looking for gz-sensors7-wide_angle_camera -- found version 7.3.1
[1.118s] -- Searching for dependencies of gz-sensors7-wide_angle_camera
[1.119s] -- Looking for gz-rendering7 -- found version 7.5.0
[1.119s] -- Looking for gz-math7 -- found version 7.5.1
[1.119s] -- Looking for gz-utils2 -- found version 2.2.0
[1.130s] -- Looking for gz-sim7 - found
[1.130s] 
[1.130s] -- Compiling against Gazebo Garden
[1.130s] -- RapidJSON found. Headers: /usr/include
[1.135s] -- Found OpenCV: /usr (found version "4.5.4") 
[1.136s] -- Checking for modules 'gstreamer-1.0;gstreamer-app-1.0'
[1.151s] --   Found gstreamer-1.0, version 1.20.3
[1.159s] --   Found gstreamer-app-1.0, version 1.20.1
[1.191s] -- Configuring done
[1.203s] -- Generating done
[1.204s] [33mCMake Warning:
[1.204s]   Manually-specified variables were not used by the project:
[1.204s] 
[1.204s]     AMENT_CMAKE_SYMLINK_INSTALL
[1.204s]     BUILD_TESTING
[1.204s] 
[1.204s] [0m
[1.207s] -- Build files have been written to: /home/latte/gz_ws/build/ardupilot_gazebo
[1.213s] Invoked command in '/home/latte/gz_ws/build/ardupilot_gazebo' returned '0': /usr/bin/cmake /home/latte/gz_ws/src/ardupilot_gazebo -DCMAKE_BUILD_TYPE=RelWithDebInfo -DBUILD_TESTING=ON -DCMAKE_CXX_STANDARD=17 -DAMENT_CMAKE_SYMLINK_INSTALL=1 -DCMAKE_INSTALL_PREFIX=/home/latte/gz_ws/install
[1.215s] Invoking command in '/home/latte/gz_ws/build/ardupilot_gazebo': /usr/bin/cmake --build /home/latte/gz_ws/build/ardupilot_gazebo -- -j16 -l16
[1.252s] [ 20%] [32mBuilding CXX object CMakeFiles/GstCameraPlugin.dir/src/GstCameraPlugin.cc.o[0m
[1.252s] [ 20%] [32mBuilding CXX object CMakeFiles/ArduPilotPlugin.dir/src/ArduPilotPlugin.cc.o[0m
[1.253s] [ 30%] [32mBuilding CXX object CMakeFiles/CameraZoomPlugin.dir/src/CameraZoomPlugin.cc.o[0m
[1.254s] [ 40%] [32mBuilding CXX object CMakeFiles/ParachutePlugin.dir/src/ParachutePlugin.cc.o[0m
[1.254s] [ 60%] [32mBuilding CXX object CMakeFiles/ArduPilotPlugin.dir/src/Util.cc.o[0m
[1.254s] [ 60%] [32mBuilding CXX object CMakeFiles/ArduPilotPlugin.dir/src/SocketUDP.cc.o[0m
[9.440s] [ 70%] [32m[1mLinking CXX shared library libCameraZoomPlugin.so[0m
[9.529s] [ 80%] [32m[1mLinking CXX shared library libParachutePlugin.so[0m
[9.680s] [ 80%] Built target CameraZoomPlugin
[9.752s] [ 80%] Built target ParachutePlugin
[9.762s] [ 90%] [32m[1mLinking CXX shared library libGstCameraPlugin.so[0m
[9.986s] [ 90%] Built target GstCameraPlugin
[13.413s] [100%] [32m[1mLinking CXX shared library libArduPilotPlugin.so[0m
[13.613s] [100%] Built target ArduPilotPlugin
[13.624s] Invoked command in '/home/latte/gz_ws/build/ardupilot_gazebo' returned '0': /usr/bin/cmake --build /home/latte/gz_ws/build/ardupilot_gazebo -- -j16 -l16
[13.625s] Invoking command in '/home/latte/gz_ws/build/ardupilot_gazebo': /usr/bin/cmake --install /home/latte/gz_ws/build/ardupilot_gazebo
[13.629s] -- Install configuration: "RelWithDebInfo"
[13.629s] -- Installing: /home/latte/gz_ws/install/lib/ardupilot_gazebo/libArduPilotPlugin.so
[13.634s] -- Installing: /home/latte/gz_ws/install/lib/ardupilot_gazebo/libParachutePlugin.so
[13.637s] -- Installing: /home/latte/gz_ws/install/lib/ardupilot_gazebo/libCameraZoomPlugin.so
[13.639s] -- Installing: /home/latte/gz_ws/install/lib/ardupilot_gazebo/libGstCameraPlugin.so
[13.642s] -- Installing: /home/latte/gz_ws/install/share/ardupilot_gazebo/config
[13.642s] -- Installing: /home/latte/gz_ws/install/share/ardupilot_gazebo/config/gazebo-iris-gimbal.parm
[13.642s] -- Installing: /home/latte/gz_ws/install/share/ardupilot_gazebo/models
[13.642s] -- Installing: /home/latte/gz_ws/install/share/ardupilot_gazebo/models/iris_with_ardupilot
[13.642s] -- Installing: /home/latte/gz_ws/install/share/ardupilot_gazebo/models/iris_with_ardupilot/model.sdf
[13.642s] -- Installing: /home/latte/gz_ws/install/share/ardupilot_gazebo/models/iris_with_ardupilot/model.config
[13.642s] -- Installing: /home/latte/gz_ws/install/share/ardupilot_gazebo/models/runway
[13.642s] -- Installing: /home/latte/gz_ws/install/share/ardupilot_gazebo/models/runway/model.sdf
[13.642s] -- Installing: /home/latte/gz_ws/install/share/ardupilot_gazebo/models/runway/materials
[13.642s] -- Installing: /home/latte/gz_ws/install/share/ardupilot_gazebo/models/runway/materials/textures
[13.642s] -- Installing: /home/latte/gz_ws/install/share/ardupilot_gazebo/models/runway/materials/textures/Grass004_2K_AmbientOcclusion.jpg
[13.644s] -- Installing: /home/latte/gz_ws/install/share/ardupilot_gazebo/models/runway/materials/textures/Grass004_2K_NormalGL.jpg
[13.648s] -- Installing: /home/latte/gz_ws/install/share/ardupilot_gazebo/models/runway/materials/textures/Grass004_2K_Roughness.jpg
[13.650s] -- Installing: /home/latte/gz_ws/install/share/ardupilot_gazebo/models/runway/materials/textures/Grass004_2K_Color copy.jpg
[13.655s] -- Installing: /home/latte/gz_ws/install/share/ardupilot_gazebo/models/runway/materials/textures/Grass004_2K_Color.jpg
[13.655s] -- Installing: /home/latte/gz_ws/install/share/ardupilot_gazebo/models/runway/materials/textures/runway.png
[13.655s] -- Installing: /home/latte/gz_ws/install/share/ardupilot_gazebo/models/runway/materials/textures/Grass004_2K_Displacement.jpg
[13.657s] -- Installing: /home/latte/gz_ws/install/share/ardupilot_gazebo/models/runway/meshes
[13.657s] -- Installing: /home/latte/gz_ws/install/share/ardupilot_gazebo/models/runway/meshes/airfield.dae
[13.657s] -- Installing: /home/latte/gz_ws/install/share/ardupilot_gazebo/models/runway/model.config
[13.657s] -- Installing: /home/latte/gz_ws/install/share/ardupilot_gazebo/models/zephyr
[13.657s] -- Installing: /home/latte/gz_ws/install/share/ardupilot_gazebo/models/zephyr/model.sdf
[13.657s] -- Installing: /home/latte/gz_ws/install/share/ardupilot_gazebo/models/zephyr/thumbnails
[13.657s] -- Installing: /home/latte/gz_ws/install/share/ardupilot_gazebo/models/zephyr/thumbnails/4.png
[13.657s] -- Installing: /home/latte/gz_ws/install/share/ardupilot_gazebo/models/zephyr/thumbnails/3.png
[13.657s] -- Installing: /home/latte/gz_ws/install/share/ardupilot_gazebo/models/zephyr/thumbnails/2.png
[13.658s] -- Installing: /home/latte/gz_ws/install/share/ardupilot_gazebo/models/zephyr/thumbnails/5.png
[13.658s] -- Installing: /home/latte/gz_ws/install/share/ardupilot_gazebo/models/zephyr/thumbnails/1.png
[13.658s] -- Installing: /home/latte/gz_ws/install/share/ardupilot_gazebo/models/zephyr/materials
[13.658s] -- Installing: /home/latte/gz_ws/install/share/ardupilot_gazebo/models/zephyr/materials/textures
[13.658s] -- Installing: /home/latte/gz_ws/install/share/ardupilot_gazebo/models/zephyr/materials/textures/wing.png
[13.658s] -- Installing: /home/latte/gz_ws/install/share/ardupilot_gazebo/models/zephyr/meshes
[13.658s] -- Installing: /home/latte/gz_ws/install/share/ardupilot_gazebo/models/zephyr/meshes/wing.dae
[13.658s] -- Installing: /home/latte/gz_ws/install/share/ardupilot_gazebo/models/zephyr/meshes/parachute_small.dae
[13.658s] -- Installing: /home/latte/gz_ws/install/share/ardupilot_gazebo/models/zephyr/model.config
[13.658s] -- Installing: /home/latte/gz_ws/install/share/ardupilot_gazebo/models/zephyr_with_ardupilot
[13.658s] -- Installing: /home/latte/gz_ws/install/share/ardupilot_gazebo/models/zephyr_with_ardupilot/model.sdf
[13.658s] -- Installing: /home/latte/gz_ws/install/share/ardupilot_gazebo/models/zephyr_with_ardupilot/model.config
[13.658s] -- Installing: /home/latte/gz_ws/install/share/ardupilot_gazebo/models/gimbal_small_1d
[13.658s] -- Installing: /home/latte/gz_ws/install/share/ardupilot_gazebo/models/gimbal_small_1d/model.sdf
[13.658s] -- Installing: /home/latte/gz_ws/install/share/ardupilot_gazebo/models/gimbal_small_1d/meshes
[13.658s] -- Installing: /home/latte/gz_ws/install/share/ardupilot_gazebo/models/gimbal_small_1d/meshes/tilt.dae
[13.660s] -- Installing: /home/latte/gz_ws/install/share/ardupilot_gazebo/models/gimbal_small_1d/meshes/base_arm.dae
[13.661s] -- Installing: /home/latte/gz_ws/install/share/ardupilot_gazebo/models/gimbal_small_1d/meshes/base_main.dae
[13.665s] -- Installing: /home/latte/gz_ws/install/share/ardupilot_gazebo/models/gimbal_small_1d/model.config
[13.665s] -- Installing: /home/latte/gz_ws/install/share/ardupilot_gazebo/models/parachute_small
[13.665s] -- Installing: /home/latte/gz_ws/install/share/ardupilot_gazebo/models/parachute_small/model.sdf
[13.665s] -- Installing: /home/latte/gz_ws/install/share/ardupilot_gazebo/models/parachute_small/meshes
[13.665s] -- Installing: /home/latte/gz_ws/install/share/ardupilot_gazebo/models/parachute_small/meshes/parachute_small.dae
[13.665s] -- Installing: /home/latte/gz_ws/install/share/ardupilot_gazebo/models/parachute_small/model.config
[13.665s] -- Installing: /home/latte/gz_ws/install/share/ardupilot_gazebo/models/zephyr_with_parachute
[13.666s] -- Installing: /home/latte/gz_ws/install/share/ardupilot_gazebo/models/zephyr_with_parachute/model.sdf
[13.666s] -- Installing: /home/latte/gz_ws/install/share/ardupilot_gazebo/models/zephyr_with_parachute/model.config
[13.666s] -- Installing: /home/latte/gz_ws/install/share/ardupilot_gazebo/models/iris_with_standoffs
[13.666s] -- Installing: /home/latte/gz_ws/install/share/ardupilot_gazebo/models/iris_with_standoffs/model.sdf
[13.666s] -- Installing: /home/latte/gz_ws/install/share/ardupilot_gazebo/models/iris_with_standoffs/meshes
[13.666s] -- Installing: /home/latte/gz_ws/install/share/ardupilot_gazebo/models/iris_with_standoffs/meshes/iris_prop_ccw.dae
[13.666s] -- Installing: /home/latte/gz_ws/install/share/ardupilot_gazebo/models/iris_with_standoffs/meshes/iris_prop_cw.dae
[13.666s] -- Installing: /home/latte/gz_ws/install/share/ardupilot_gazebo/models/iris_with_standoffs/meshes/iris.dae
[13.676s] -- Installing: /home/latte/gz_ws/install/share/ardupilot_gazebo/models/iris_with_standoffs/model.config
[13.676s] -- Installing: /home/latte/gz_ws/install/share/ardupilot_gazebo/models/iris_with_gimbal
[13.676s] -- Installing: /home/latte/gz_ws/install/share/ardupilot_gazebo/models/iris_with_gimbal/model.sdf
[13.676s] -- Installing: /home/latte/gz_ws/install/share/ardupilot_gazebo/models/iris_with_gimbal/model.config
[13.676s] -- Installing: /home/latte/gz_ws/install/share/ardupilot_gazebo/models/gimbal_small_3d
[13.676s] -- Installing: /home/latte/gz_ws/install/share/ardupilot_gazebo/models/gimbal_small_3d/model.sdf
[13.676s] -- Installing: /home/latte/gz_ws/install/share/ardupilot_gazebo/models/gimbal_small_3d/meshes
[13.676s] -- Installing: /home/latte/gz_ws/install/share/ardupilot_gazebo/models/gimbal_small_3d/meshes/base_plate.dae
[13.678s] -- Installing: /home/latte/gz_ws/install/share/ardupilot_gazebo/models/gimbal_small_3d/meshes/camera_enclosure.dae
[13.678s] -- Installing: /home/latte/gz_ws/install/share/ardupilot_gazebo/models/gimbal_small_3d/meshes/roll_arm.dae
[13.679s] -- Installing: /home/latte/gz_ws/install/share/ardupilot_gazebo/models/gimbal_small_3d/meshes/yaw_arm.dae
[13.680s] -- Installing: /home/latte/gz_ws/install/share/ardupilot_gazebo/models/gimbal_small_3d/model.config
[13.680s] -- Installing: /home/latte/gz_ws/install/share/ardupilot_gazebo/models/gimbal_small_2d
[13.680s] -- Installing: /home/latte/gz_ws/install/share/ardupilot_gazebo/models/gimbal_small_2d/model.sdf
[13.680s] -- Installing: /home/latte/gz_ws/install/share/ardupilot_gazebo/models/gimbal_small_2d/meshes
[13.680s] -- Installing: /home/latte/gz_ws/install/share/ardupilot_gazebo/models/gimbal_small_2d/meshes/tilt.dae
[13.682s] -- Installing: /home/latte/gz_ws/install/share/ardupilot_gazebo/models/gimbal_small_2d/meshes/base_arm.dae
[13.684s] -- Installing: /home/latte/gz_ws/install/share/ardupilot_gazebo/models/gimbal_small_2d/meshes/base_main.dae
[13.687s] -- Installing: /home/latte/gz_ws/install/share/ardupilot_gazebo/models/gimbal_small_2d/model.config
[13.688s] -- Installing: /home/latte/gz_ws/install/share/ardupilot_gazebo/worlds
[13.688s] -- Installing: /home/latte/gz_ws/install/share/ardupilot_gazebo/worlds/zephyr_parachute.sdf
[13.688s] -- Installing: /home/latte/gz_ws/install/share/ardupilot_gazebo/worlds/zephyr_runway.sdf
[13.688s] -- Installing: /home/latte/gz_ws/install/share/ardupilot_gazebo/worlds/iris_warehouse.sdf
[13.688s] -- Installing: /home/latte/gz_ws/install/share/ardupilot_gazebo/worlds/gimbal.sdf
[13.688s] -- Installing: /home/latte/gz_ws/install/share/ardupilot_gazebo/worlds/iris_runway.sdf
[13.689s] Invoked command in '/home/latte/gz_ws/build/ardupilot_gazebo' returned '0': /usr/bin/cmake --install /home/latte/gz_ws/build/ardupilot_gazebo
